# JRE version: OpenJDK Runtime Environment Temurin-21.0.10+7 (21.0.10+7) (build 21.0.10+7-LTS)
# Java VM: OpenJDK 64-Bit Server VM Temurin-21.0.10+7 (21.0.10+7-LTS, mixed mode, sharing, tiered, compressed oops, compressed class ptrs, g1 gc, windows-amd64)
GC Precious Log:
 CardTable entry size: 512
 Card Set container configuration: InlinePtr #cards 5 size 8 Array Of Cards #cards 12 size 40 Howl #buckets 4 coarsen threshold 1843 Howl Bitmap #cards 512 size 80 coarsen threshold 460 Card regions per heap region 1 cards per card region 2048
 CPUs: 4 total, 4 available
 Memory: 8095M
 Large Page Support: Disabled
 NUMA Support: Disabled
 Compressed Oops: Enabled (32-bit)
 Heap Region Size: 1M
 Heap Min Capacity: 8M
 Heap Initial Capacity: 128M
 Heap Max Capacity: 1536M
 Pre-touch: Disabled
 Parallel Workers: 4
 Concurrent Workers: 1
 Concurrent Refinement Workers: 4
 Periodic GC: Disabled
Heap:
 garbage-first heap   total 124928K, used 89064K [0x00000000a0000000, 0x0000000100000000)
  region size 1024K, 13 young (13312K), 5 survivors (5120K)
 Metaspace       used 79616K, committed 81792K, reserved 344064K
  class space    used 11475K, committed 12544K, reserved 212992K
GC Heap History (20 events):
Event: 20.728 GC heap before
{Heap before GC invocations=18 (full 0):
 garbage-first heap   total 109568K, used 75370K [0x00000000a0000000, 0x0000000100000000)
  region size 1024K, 28 young (28672K), 6 survivors (6144K)
 Metaspace       used 59076K, committed 60736K, reserved 278528K
  class space    used 8460K, committed 9280K, reserved 212992K
}
Event: 20.739 GC heap after
{Heap after GC invocations=19 (full 0):
 garbage-first heap   total 109568K, used 54956K [0x00000000a0000000, 0x0000000100000000)
  region size 1024K, 4 young (4096K), 4 survivors (4096K)
 Metaspace       used 59076K, committed 60736K, reserved 278528K
  class space    used 8460K, committed 9280K, reserved 212992K
}
Event: 22.851 GC heap before
{Heap before GC invocations=20 (full 0):
 garbage-first heap   total 109568K, used 98988K [0x00000000a0000000, 0x0000000100000000)
  region size 1024K, 48 young (49152K), 4 survivors (4096K)
 Metaspace       used 63449K, committed 65344K, reserved 278528K
  class space    used 9192K, committed 10112K, reserved 212992K
}
Event: 22.863 GC heap after
{Heap after GC invocations=21 (full 0):
 garbage-first heap   total 109568K, used 58972K [0x00000000a0000000, 0x0000000100000000)
  region size 1024K, 5 young (5120K), 5 survivors (5120K)
 Metaspace       used 63449K, committed 65344K, reserved 278528K
  class space    used 9192K, committed 10112K, reserved 212992K
}
Event: 26.076 GC heap before
{Heap before GC invocations=21 (full 0):
 garbage-first heap   total 109568K, used 101980K [0x00000000a0000000, 0x0000000100000000)
  region size 1024K, 45 young (46080K), 5 survivors (5120K)
 Metaspace       used 64586K, committed 66432K, reserved 278528K
  class space    used 9306K, committed 10176K, reserved 212992K
}
Event: 26.093 GC heap after
{Heap after GC invocations=22 (full 0):
 garbage-first heap   total 114688K, used 66560K [0x00000000a0000000, 0x0000000100000000)
  region size 1024K, 6 young (6144K), 6 survivors (6144K)
 Metaspace       used 64586K, committed 66432K, reserved 278528K
  class space    used 9306K, committed 10176K, reserved 212992K
}
Event: 26.336 GC heap before
{Heap before GC invocations=22 (full 0):
 garbage-first heap   total 114688K, used 71680K [0x00000000a0000000, 0x0000000100000000)
  region size 1024K, 12 young (12288K), 6 survivors (6144K)
 Metaspace       used 64682K, committed 66560K, reserved 278528K
  class space    used 9318K, committed 10240K, reserved 212992K
}
Event: 26.344 GC heap after
{Heap after GC invocations=23 (full 0):
 garbage-first heap   total 114688K, used 67946K [0x00000000a0000000, 0x0000000100000000)
  region size 1024K, 2 young (2048K), 2 survivors (2048K)
 Metaspace       used 64682K, committed 66560K, reserved 278528K
  class space    used 9318K, committed 10240K, reserved 212992K
}
Event: 27.446 GC heap before
{Heap before GC invocations=24 (full 0):
 garbage-first heap   total 119808K, used 104810K [0x00000000a0000000, 0x0000000100000000)
  region size 1024K, 35 young (35840K), 2 survivors (2048K)
 Metaspace       used 68190K, committed 70016K, reserved 278528K
  class space    used 9795K, committed 10688K, reserved 212992K
}
Event: 27.451 GC heap after
{Heap after GC invocations=25 (full 0):
 garbage-first heap   total 119808K, used 72363K [0x00000000a0000000, 0x0000000100000000)
  region size 1024K, 3 young (3072K), 3 survivors (3072K)
 Metaspace       used 68190K, committed 70016K, reserved 278528K
  class space    used 9795K, committed 10688K, reserved 212992K
}
Event: 28.367 GC heap before
{Heap before GC invocations=25 (full 0):
 garbage-first heap   total 119808K, used 108203K [0x00000000a0000000, 0x0000000100000000)
  region size 1024K, 38 young (38912K), 3 survivors (3072K)
 Metaspace       used 70595K, committed 72512K, reserved 278528K
  class space    used 10105K, committed 11008K, reserved 212992K
}
Event: 28.374 GC heap after
{Heap after GC invocations=26 (full 0):
 garbage-first heap   total 119808K, used 72444K [0x00000000a0000000, 0x0000000100000000)
  region size 1024K, 3 young (3072K), 3 survivors (3072K)
 Metaspace       used 70595K, committed 72512K, reserved 278528K
  class space    used 10105K, committed 11008K, reserved 212992K
}
Event: 29.241 GC heap before
{Heap before GC invocations=26 (full 0):
 garbage-first heap   total 119808K, used 109308K [0x00000000a0000000, 0x0000000100000000)
  region size 1024K, 39 young (39936K), 3 survivors (3072K)
 Metaspace       used 73819K, committed 75904K, reserved 278528K
  class space    used 10652K, committed 11648K, reserved 212992K
}
Event: 29.248 GC heap after
{Heap after GC invocations=27 (full 0):
 garbage-first heap   total 119808K, used 74239K [0x00000000a0000000, 0x0000000100000000)
  region size 1024K, 3 young (3072K), 3 survivors (3072K)
 Metaspace       used 73819K, committed 75904K, reserved 278528K
  class space    used 10652K, committed 11648K, reserved 212992K
}
Event: 30.197 GC heap before
{Heap before GC invocations=28 (full 0):
 garbage-first heap   total 124928K, used 110079K [0x00000000a0000000, 0x0000000100000000)
  region size 1024K, 38 young (38912K), 3 survivors (3072K)
 Metaspace       used 75843K, committed 77888K, reserved 344064K
  class space    used 10959K, committed 11968K, reserved 212992K
}
Event: 30.204 GC heap after
{Heap after GC invocations=29 (full 0):
 garbage-first heap   total 124928K, used 75381K [0x00000000a0000000, 0x0000000100000000)
  region size 1024K, 3 young (3072K), 3 survivors (3072K)
 Metaspace       used 75843K, committed 77888K, reserved 344064K
  class space    used 10959K, committed 11968K, reserved 212992K
}
Event: 31.865 GC heap before
{Heap before GC invocations=29 (full 0):
 garbage-first heap   total 124928K, used 114293K [0x00000000a0000000, 0x0000000100000000)
  region size 1024K, 42 young (43008K), 3 survivors (3072K)
 Metaspace       used 76982K, committed 79104K, reserved 344064K
  class space    used 11088K, committed 12096K, reserved 212992K
}
Event: 31.878 GC heap after
{Heap after GC invocations=30 (full 0):
 garbage-first heap   total 124928K, used 78910K [0x00000000a0000000, 0x0000000100000000)
  region size 1024K, 6 young (6144K), 6 survivors (6144K)
 Metaspace       used 76982K, committed 79104K, reserved 344064K
  class space    used 11088K, committed 12096K, reserved 212992K
}
Event: 33.204 GC heap before
{Heap before GC invocations=30 (full 0):
 garbage-first heap   total 124928K, used 114750K [0x00000000a0000000, 0x0000000100000000)
  region size 1024K, 41 young (41984K), 6 survivors (6144K)
 Metaspace       used 79276K, committed 81408K, reserved 344064K
  class space    used 11427K, committed 12480K, reserved 212992K
}
Event: 33.219 GC heap after
{Heap after GC invocations=31 (full 0):
 garbage-first heap   total 124928K, used 81896K [0x00000000a0000000, 0x0000000100000000)
  region size 1024K, 5 young (5120K), 5 survivors (5120K)
 Metaspace       used 79276K, committed 81408K, reserved 344064K
  class space    used 11427K, committed 12480K, reserved 212992K
}

