# JRE version: OpenJDK Runtime Environment Temurin-21.0.10+7 (21.0.10+7) (build 21.0.10+7-LTS)
# Java VM: OpenJDK 64-Bit Server VM Temurin-21.0.10+7 (21.0.10+7-LTS, mixed mode, sharing, tiered, compressed oops, compressed class ptrs, parallel gc, windows-amd64)
GC Precious Log:
 CardTable entry size: 512
 CPUs: 4 total, 4 available
 Memory: 8095M
 Large Page Support: Disabled
 NUMA Support: Disabled
 Compressed Oops: Enabled (32-bit)
 Alignments: Space 512K, Generation 512K, Heap 2M
 Heap Min Capacity: 100M
 Heap Initial Capacity: 100M
 Heap Max Capacity: 2G
 Pre-touch: Disabled
 Parallel Workers: 4
Heap:
 PSYoungGen      total 9216K, used 7168K [0x00000000d5580000, 0x00000000d6100000, 0x0000000100000000)
  eden space 7168K, 100% used [0x00000000d5580000,0x00000000d5c80000,0x00000000d5c80000)
  from space 2048K, 0% used [0x00000000d5c80000,0x00000000d5c80000,0x00000000d5e80000)
  to   space 2048K, 6% used [0x00000000d5e80000,0x00000000d5ea0000,0x00000000d6080000)
 ParOldGen       total 178176K, used 177668K [0x0000000080000000, 0x000000008ae00000, 0x00000000d5580000)
  object space 178176K, 99% used [0x0000000080000000,0x000000008ad81270,0x000000008ae00000)
 Metaspace       used 50841K, committed 52160K, reserved 1114112K
  class space    used 5546K, committed 6144K, reserved 1048576K
GC Heap History (20 events):
Event: 61.600 GC heap before
{Heap before GC invocations=122 (full 21):
 PSYoungGen      total 9216K, used 7168K [0x00000000d5580000, 0x00000000d6100000, 0x0000000100000000)
  eden space 7168K, 100% used [0x00000000d5580000,0x00000000d5c80000,0x00000000d5c80000)
  from space 2048K, 0% used [0x00000000d5e80000,0x00000000d5e80000,0x00000000d6080000)
  to   space 2048K, 0% used [0x00000000d5c80000,0x00000000d5c80000,0x00000000d5e80000)
 ParOldGen       total 174080K, used 174060K [0x0000000080000000, 0x000000008aa00000, 0x00000000d5580000)
  object space 174080K, 99% used [0x0000000080000000,0x000000008a9fb378,0x000000008aa00000)
 Metaspace       used 50841K, committed 52160K, reserved 1114112K
  class space    used 5546K, committed 6144K, reserved 1048576K
}
Event: 61.618 GC heap after
{Heap after GC invocations=122 (full 21):
 PSYoungGen      total 9216K, used 7168K [0x00000000d5580000, 0x00000000d6100000, 0x0000000100000000)
  eden space 7168K, 100% used [0x00000000d5580000,0x00000000d5c80000,0x00000000d5c80000)
  from space 2048K, 0% used [0x00000000d5e80000,0x00000000d5e80000,0x00000000d6080000)
  to   space 2048K, 15% used [0x00000000d5c80000,0x00000000d5cd0060,0x00000000d5e80000)
 ParOldGen       total 174080K, used 174076K [0x0000000080000000, 0x000000008aa00000, 0x00000000d5580000)
  object space 174080K, 99% used [0x0000000080000000,0x000000008a9ff378,0x000000008aa00000)
 Metaspace       used 50841K, committed 52160K, reserved 1114112K
  class space    used 5546K, committed 6144K, reserved 1048576K
}
Event: 61.618 GC heap before
{Heap before GC invocations=123 (full 22):
 PSYoungGen      total 9216K, used 7168K [0x00000000d5580000, 0x00000000d6100000, 0x0000000100000000)
  eden space 7168K, 100% used [0x00000000d5580000,0x00000000d5c80000,0x00000000d5c80000)
  from space 2048K, 0% used [0x00000000d5e80000,0x00000000d5e80000,0x00000000d6080000)
  to   space 2048K, 15% used [0x00000000d5c80000,0x00000000d5cd0060,0x00000000d5e80000)
 ParOldGen       total 174080K, used 174076K [0x0000000080000000, 0x000000008aa00000, 0x00000000d5580000)
  object space 174080K, 99% used [0x0000000080000000,0x000000008a9ff378,0x000000008aa00000)
 Metaspace       used 50841K, committed 52160K, reserved 1114112K
  class space    used 5546K, committed 6144K, reserved 1048576K
}
Event: 61.770 GC heap after
{Heap after GC invocations=123 (full 22):
 PSYoungGen      total 9216K, used 6158K [0x00000000d5580000, 0x00000000d6100000, 0x0000000100000000)
  eden space 7168K, 85% used [0x00000000d5580000,0x00000000d5b838e0,0x00000000d5c80000)
  from space 2048K, 0% used [0x00000000d5c80000,0x00000000d5c80000,0x00000000d5e80000)
  to   space 2048K, 0% used [0x00000000d5e80000,0x00000000d5e80000,0x00000000d6080000)
 ParOldGen       total 174080K, used 174058K [0x0000000080000000, 0x000000008aa00000, 0x00000000d5580000)
  object space 174080K, 99% used [0x0000000080000000,0x000000008a9fa840,0x000000008aa00000)
 Metaspace       used 50841K, committed 52160K, reserved 1114112K
  class space    used 5546K, committed 6144K, reserved 1048576K
}
Event: 61.778 GC heap before
{Heap before GC invocations=124 (full 22):
 PSYoungGen      total 9216K, used 7167K [0x00000000d5580000, 0x00000000d6100000, 0x0000000100000000)
  eden space 7168K, 99% used [0x00000000d5580000,0x00000000d5c7ffe8,0x00000000d5c80000)
  from space 2048K, 0% used [0x00000000d5c80000,0x00000000d5c80000,0x00000000d5e80000)
  to   space 2048K, 0% used [0x00000000d5e80000,0x00000000d5e80000,0x00000000d6080000)
 ParOldGen       total 174080K, used 174058K [0x0000000080000000, 0x000000008aa00000, 0x00000000d5580000)
  object space 174080K, 99% used [0x0000000080000000,0x000000008a9fa840,0x000000008aa00000)
 Metaspace       used 50841K, committed 52160K, reserved 1114112K
  class space    used 5546K, committed 6144K, reserved 1048576K
}
Event: 61.804 GC heap after
{Heap after GC invocations=124 (full 22):
 PSYoungGen      total 9216K, used 7167K [0x00000000d5580000, 0x00000000d6100000, 0x0000000100000000)
  eden space 7168K, 99% used [0x00000000d5580000,0x00000000d5c7ffe8,0x00000000d5c80000)
  from space 2048K, 0% used [0x00000000d5c80000,0x00000000d5c80000,0x00000000d5e80000)
  to   space 2048K, 12% used [0x00000000d5e80000,0x00000000d5ec0000,0x00000000d6080000)
 ParOldGen       total 174592K, used 174114K [0x0000000080000000, 0x000000008aa80000, 0x00000000d5580000)
  object space 174592K, 99% used [0x0000000080000000,0x000000008aa08840,0x000000008aa80000)
 Metaspace       used 50841K, committed 52160K, reserved 1114112K
  class space    used 5546K, committed 6144K, reserved 1048576K
}
Event: 61.804 GC heap before
{Heap before GC invocations=125 (full 23):
 PSYoungGen      total 9216K, used 7167K [0x00000000d5580000, 0x00000000d6100000, 0x0000000100000000)
  eden space 7168K, 99% used [0x00000000d5580000,0x00000000d5c7ffe8,0x00000000d5c80000)
  from space 2048K, 0% used [0x00000000d5c80000,0x00000000d5c80000,0x00000000d5e80000)
  to   space 2048K, 12% used [0x00000000d5e80000,0x00000000d5ec0000,0x00000000d6080000)
 ParOldGen       total 174592K, used 174114K [0x0000000080000000, 0x000000008aa80000, 0x00000000d5580000)
  object space 174592K, 99% used [0x0000000080000000,0x000000008aa08840,0x000000008aa80000)
 Metaspace       used 50841K, committed 52160K, reserved 1114112K
  class space    used 5546K, committed 6144K, reserved 1048576K
}
Event: 61.947 GC heap after
{Heap after GC invocations=125 (full 23):
 PSYoungGen      total 9216K, used 6289K [0x00000000d5580000, 0x00000000d6100000, 0x0000000100000000)
  eden space 7168K, 87% used [0x00000000d5580000,0x00000000d5ba4648,0x00000000d5c80000)
  from space 2048K, 0% used [0x00000000d5e80000,0x00000000d5e80000,0x00000000d6080000)
  to   space 2048K, 0% used [0x00000000d5c80000,0x00000000d5c80000,0x00000000d5e80000)
 ParOldGen       total 174592K, used 174098K [0x0000000080000000, 0x000000008aa80000, 0x00000000d5580000)
  object space 174592K, 99% used [0x0000000080000000,0x000000008aa04a48,0x000000008aa80000)
 Metaspace       used 50841K, committed 52160K, reserved 1114112K
  class space    used 5546K, committed 6144K, reserved 1048576K
}
Event: 61.952 GC heap before
{Heap before GC invocations=126 (full 23):
 PSYoungGen      total 9216K, used 7168K [0x00000000d5580000, 0x00000000d6100000, 0x0000000100000000)
  eden space 7168K, 100% used [0x00000000d5580000,0x00000000d5c80000,0x00000000d5c80000)
  from space 2048K, 0% used [0x00000000d5e80000,0x00000000d5e80000,0x00000000d6080000)
  to   space 2048K, 0% used [0x00000000d5c80000,0x00000000d5c80000,0x00000000d5e80000)
 ParOldGen       total 174592K, used 174098K [0x0000000080000000, 0x000000008aa80000, 0x00000000d5580000)
  object space 174592K, 99% used [0x0000000080000000,0x000000008aa04a48,0x000000008aa80000)
 Metaspace       used 50841K, committed 52160K, reserved 1114112K
  class space    used 5546K, committed 6144K, reserved 1048576K
}
Event: 61.972 GC heap after
{Heap after GC invocations=126 (full 23):
 PSYoungGen      total 9216K, used 7168K [0x00000000d5580000, 0x00000000d6100000, 0x0000000100000000)
  eden space 7168K, 100% used [0x00000000d5580000,0x00000000d5c80000,0x00000000d5c80000)
  from space 2048K, 0% used [0x00000000d5e80000,0x00000000d5e80000,0x00000000d6080000)
  to   space 2048K, 12% used [0x00000000d5c80000,0x00000000d5cc1958,0x00000000d5e80000)
 ParOldGen       total 177152K, used 177052K [0x0000000080000000, 0x000000008ad00000, 0x00000000d5580000)
  object space 177152K, 99% used [0x0000000080000000,0x000000008ace7310,0x000000008ad00000)
 Metaspace       used 50841K, committed 52160K, reserved 1114112K
  class space    used 5546K, committed 6144K, reserved 1048576K
}
Event: 61.972 GC heap before
{Heap before GC invocations=127 (full 24):
 PSYoungGen      total 9216K, used 7168K [0x00000000d5580000, 0x00000000d6100000, 0x0000000100000000)
  eden space 7168K, 100% used [0x00000000d5580000,0x00000000d5c80000,0x00000000d5c80000)
  from space 2048K, 0% used [0x00000000d5e80000,0x00000000d5e80000,0x00000000d6080000)
  to   space 2048K, 12% used [0x00000000d5c80000,0x00000000d5cc1958,0x00000000d5e80000)
 ParOldGen       total 177152K, used 177052K [0x0000000080000000, 0x000000008ad00000, 0x00000000d5580000)
  object space 177152K, 99% used [0x0000000080000000,0x000000008ace7310,0x000000008ad00000)
 Metaspace       used 50841K, committed 52160K, reserved 1114112K
  class space    used 5546K, committed 6144K, reserved 1048576K
}
Event: 62.109 GC heap after
{Heap after GC invocations=127 (full 24):
 PSYoungGen      total 9216K, used 3643K [0x00000000d5580000, 0x00000000d6100000, 0x0000000100000000)
  eden space 7168K, 50% used [0x00000000d5580000,0x00000000d590ee90,0x00000000d5c80000)
  from space 2048K, 0% used [0x00000000d5c80000,0x00000000d5c80000,0x00000000d5e80000)
  to   space 2048K, 0% used [0x00000000d5e80000,0x00000000d5e80000,0x00000000d6080000)
 ParOldGen       total 177152K, used 176918K [0x0000000080000000, 0x000000008ad00000, 0x00000000d5580000)
  object space 177152K, 99% used [0x0000000080000000,0x000000008acc5a80,0x000000008ad00000)
 Metaspace       used 50841K, committed 52160K, reserved 1114112K
  class space    used 5546K, committed 6144K, reserved 1048576K
}
Event: 62.129 GC heap before
{Heap before GC invocations=128 (full 24):
 PSYoungGen      total 9216K, used 7168K [0x00000000d5580000, 0x00000000d6100000, 0x0000000100000000)
  eden space 7168K, 100% used [0x00000000d5580000,0x00000000d5c80000,0x00000000d5c80000)
  from space 2048K, 0% used [0x00000000d5c80000,0x00000000d5c80000,0x00000000d5e80000)
  to   space 2048K, 0% used [0x00000000d5e80000,0x00000000d5e80000,0x00000000d6080000)
 ParOldGen       total 177152K, used 176918K [0x0000000080000000, 0x000000008ad00000, 0x00000000d5580000)
  object space 177152K, 99% used [0x0000000080000000,0x000000008acc5a80,0x000000008ad00000)
 Metaspace       used 50841K, committed 52160K, reserved 1114112K
  class space    used 5546K, committed 6144K, reserved 1048576K
}
Event: 62.154 GC heap after
{Heap after GC invocations=128 (full 24):
 PSYoungGen      total 9216K, used 7168K [0x00000000d5580000, 0x00000000d6100000, 0x0000000100000000)
  eden space 7168K, 100% used [0x00000000d5580000,0x00000000d5c80000,0x00000000d5c80000)
  from space 2048K, 0% used [0x00000000d5c80000,0x00000000d5c80000,0x00000000d5e80000)
  to   space 2048K, 39% used [0x00000000d5e80000,0x00000000d5f4a4f0,0x00000000d6080000)
 ParOldGen       total 177152K, used 177060K [0x0000000080000000, 0x000000008ad00000, 0x00000000d5580000)
  object space 177152K, 99% used [0x0000000080000000,0x000000008ace9300,0x000000008ad00000)
 Metaspace       used 50841K, committed 52160K, reserved 1114112K
  class space    used 5546K, committed 6144K, reserved 1048576K
}
Event: 62.154 GC heap before
{Heap before GC invocations=129 (full 25):
 PSYoungGen      total 9216K, used 7168K [0x00000000d5580000, 0x00000000d6100000, 0x0000000100000000)
  eden space 7168K, 100% used [0x00000000d5580000,0x00000000d5c80000,0x00000000d5c80000)
  from space 2048K, 0% used [0x00000000d5c80000,0x00000000d5c80000,0x00000000d5e80000)
  to   space 2048K, 39% used [0x00000000d5e80000,0x00000000d5f4a4f0,0x00000000d6080000)
 ParOldGen       total 177152K, used 177060K [0x0000000080000000, 0x000000008ad00000, 0x00000000d5580000)
  object space 177152K, 99% used [0x0000000080000000,0x000000008ace9300,0x000000008ad00000)
 Metaspace       used 50841K, committed 52160K, reserved 1114112K
  class space    used 5546K, committed 6144K, reserved 1048576K
}
Event: 62.303 GC heap after
{Heap after GC invocations=129 (full 25):
 PSYoungGen      total 9216K, used 4260K [0x00000000d5580000, 0x00000000d6100000, 0x0000000100000000)
  eden space 7168K, 59% used [0x00000000d5580000,0x00000000d59a9060,0x00000000d5c80000)
  from space 2048K, 0% used [0x00000000d5e80000,0x00000000d5e80000,0x00000000d6080000)
  to   space 2048K, 0% used [0x00000000d5c80000,0x00000000d5c80000,0x00000000d5e80000)
 ParOldGen       total 177152K, used 176980K [0x0000000080000000, 0x000000008ad00000, 0x00000000d5580000)
  object space 177152K, 99% used [0x0000000080000000,0x000000008acd5108,0x000000008ad00000)
 Metaspace       used 50841K, committed 52160K, reserved 1114112K
  class space    used 5546K, committed 6144K, reserved 1048576K
}
Event: 62.319 GC heap before
{Heap before GC invocations=130 (full 25):
 PSYoungGen      total 9216K, used 7168K [0x00000000d5580000, 0x00000000d6100000, 0x0000000100000000)
  eden space 7168K, 100% used [0x00000000d5580000,0x00000000d5c80000,0x00000000d5c80000)
  from space 2048K, 0% used [0x00000000d5e80000,0x00000000d5e80000,0x00000000d6080000)
  to   space 2048K, 0% used [0x00000000d5c80000,0x00000000d5c80000,0x00000000d5e80000)
 ParOldGen       total 177152K, used 176980K [0x0000000080000000, 0x000000008ad00000, 0x00000000d5580000)
  object space 177152K, 99% used [0x0000000080000000,0x000000008acd5108,0x000000008ad00000)
 Metaspace       used 50841K, committed 52160K, reserved 1114112K
  class space    used 5546K, committed 6144K, reserved 1048576K
}
Event: 62.355 GC heap after
{Heap after GC invocations=130 (full 25):
 PSYoungGen      total 9216K, used 7168K [0x00000000d5580000, 0x00000000d6100000, 0x0000000100000000)
  eden space 7168K, 100% used [0x00000000d5580000,0x00000000d5c80000,0x00000000d5c80000)
  from space 2048K, 0% used [0x00000000d5e80000,0x00000000d5e80000,0x00000000d6080000)
  to   space 2048K, 31% used [0x00000000d5c80000,0x00000000d5d22950,0x00000000d5e80000)
 ParOldGen       total 177664K, used 177661K [0x0000000080000000, 0x000000008ad80000, 0x00000000d5580000)
  object space 177664K, 99% used [0x0000000080000000,0x000000008ad7f538,0x000000008ad80000)
 Metaspace       used 50841K, committed 52160K, reserved 1114112K
  class space    used 5546K, committed 6144K, reserved 1048576K
}
Event: 62.355 GC heap before
{Heap before GC invocations=131 (full 26):
 PSYoungGen      total 9216K, used 7168K [0x00000000d5580000, 0x00000000d6100000, 0x0000000100000000)
  eden space 7168K, 100% used [0x00000000d5580000,0x00000000d5c80000,0x00000000d5c80000)
  from space 2048K, 0% used [0x00000000d5e80000,0x00000000d5e80000,0x00000000d6080000)
  to   space 2048K, 31% used [0x00000000d5c80000,0x00000000d5d22950,0x00000000d5e80000)
 ParOldGen       total 177664K, used 177661K [0x0000000080000000, 0x000000008ad80000, 0x00000000d5580000)
  object space 177664K, 99% used [0x0000000080000000,0x000000008ad7f538,0x000000008ad80000)
 Metaspace       used 50841K, committed 52160K, reserved 1114112K
  class space    used 5546K, committed 6144K, reserved 1048576K
}
Event: 62.538 GC heap after
{Heap after GC invocations=131 (full 26):
 PSYoungGen      total 9216K, used 4170K [0x00000000d5580000, 0x00000000d6100000, 0x0000000100000000)
  eden space 7168K, 58% used [0x00000000d5580000,0x00000000d5992b20,0x00000000d5c80000)
  from space 2048K, 0% used [0x00000000d5c80000,0x00000000d5c80000,0x00000000d5e80000)
  to   space 2048K, 0% used [0x00000000d5e80000,0x00000000d5e80000,0x00000000d6080000)
 ParOldGen       total 177664K, used 177604K [0x0000000080000000, 0x000000008ad80000, 0x00000000d5580000)
  object space 177664K, 99% used [0x0000000080000000,0x000000008ad71270,0x000000008ad80000)
 Metaspace       used 50841K, committed 52160K, reserved 1114112K
  class space    used 5546K, committed 6144K, reserved 1048576K
}

