# JRE version: OpenJDK Runtime Environment Temurin-21.0.10+7 (21.0.10+7) (build 21.0.10+7-LTS)
# Java VM: OpenJDK 64-Bit Server VM Temurin-21.0.10+7 (21.0.10+7-LTS, mixed mode, sharing, tiered, compressed oops, compressed class ptrs, parallel gc, windows-amd64)
GC Precious Log:
 CardTable entry size: 512
 CPUs: 4 total, 4 available
 Memory: 8095M
 Large Page Support: Disabled
 NUMA Support: Disabled
 Compressed Oops: Enabled (32-bit)
 Alignments: Space 512K, Generation 512K, Heap 2M
 Heap Min Capacity: 100M
 Heap Initial Capacity: 100M
 Heap Max Capacity: 2G
 Pre-touch: Disabled
 Parallel Workers: 4
Heap:
 PSYoungGen      total 13824K, used 3360K [0x00000000d5580000, 0x00000000d6600000, 0x0000000100000000)
  eden space 13312K, 24% used [0x00000000d5580000,0x00000000d58a8340,0x00000000d6280000)
  from space 512K, 25% used [0x00000000d6580000,0x00000000d65a0000,0x00000000d6600000)
  to   space 512K, 0% used [0x00000000d6500000,0x00000000d6500000,0x00000000d6580000)
 ParOldGen       total 116736K, used 116283K [0x0000000080000000, 0x0000000087200000, 0x00000000d5580000)
  object space 116736K, 99% used [0x0000000080000000,0x000000008718ee88,0x0000000087200000)
 Metaspace       used 64346K, committed 65920K, reserved 1114112K
  class space    used 7474K, committed 8128K, reserved 1048576K
GC Heap History (20 events):
Event: 163.866 GC heap before
{Heap before GC invocations=130 (full 3):
 PSYoungGen      total 13824K, used 13664K [0x00000000d5580000, 0x00000000d6480000, 0x0000000100000000)
  eden space 13312K, 100% used [0x00000000d5580000,0x00000000d6280000,0x00000000d6280000)
  from space 512K, 68% used [0x00000000d6400000,0x00000000d6458000,0x00000000d6480000)
  to   space 512K, 0% used [0x00000000d6380000,0x00000000d6380000,0x00000000d6400000)
 ParOldGen       total 112640K, used 112450K [0x0000000080000000, 0x0000000086e00000, 0x00000000d5580000)
  object space 112640K, 99% used [0x0000000080000000,0x0000000086dd0a10,0x0000000086e00000)
 Metaspace       used 62696K, committed 64192K, reserved 1114112K
  class space    used 7320K, committed 8000K, reserved 1048576K
}
Event: 163.878 GC heap after
{Heap after GC invocations=130 (full 3):
 PSYoungGen      total 13824K, used 512K [0x00000000d5580000, 0x00000000d6880000, 0x0000000100000000)
  eden space 13312K, 0% used [0x00000000d5580000,0x00000000d5580000,0x00000000d6280000)
  from space 512K, 100% used [0x00000000d6380000,0x00000000d6400000,0x00000000d6400000)
  to   space 3072K, 0% used [0x00000000d6580000,0x00000000d6580000,0x00000000d6880000)
 ParOldGen       total 114688K, used 114602K [0x0000000080000000, 0x0000000087000000, 0x00000000d5580000)
  object space 114688K, 99% used [0x0000000080000000,0x0000000086feab68,0x0000000087000000)
 Metaspace       used 62696K, committed 64192K, reserved 1114112K
  class space    used 7320K, committed 8000K, reserved 1048576K
}
Event: 163.925 GC heap before
{Heap before GC invocations=131 (full 3):
 PSYoungGen      total 13824K, used 13824K [0x00000000d5580000, 0x00000000d6880000, 0x0000000100000000)
  eden space 13312K, 100% used [0x00000000d5580000,0x00000000d6280000,0x00000000d6280000)
  from space 512K, 100% used [0x00000000d6380000,0x00000000d6400000,0x00000000d6400000)
  to   space 3072K, 0% used [0x00000000d6580000,0x00000000d6580000,0x00000000d6880000)
 ParOldGen       total 114688K, used 114602K [0x0000000080000000, 0x0000000087000000, 0x00000000d5580000)
  object space 114688K, 99% used [0x0000000080000000,0x0000000086feab68,0x0000000087000000)
 Metaspace       used 62696K, committed 64192K, reserved 1114112K
  class space    used 7320K, committed 8000K, reserved 1048576K
}
Event: 163.927 GC heap after
{Heap after GC invocations=131 (full 3):
 PSYoungGen      total 13824K, used 256K [0x00000000d5580000, 0x00000000d6600000, 0x0000000100000000)
  eden space 13312K, 0% used [0x00000000d5580000,0x00000000d5580000,0x00000000d6280000)
  from space 512K, 50% used [0x00000000d6580000,0x00000000d65c0000,0x00000000d6600000)
  to   space 1536K, 0% used [0x00000000d6300000,0x00000000d6300000,0x00000000d6480000)
 ParOldGen       total 115200K, used 115130K [0x0000000080000000, 0x0000000087080000, 0x00000000d5580000)
  object space 115200K, 99% used [0x0000000080000000,0x000000008706eb68,0x0000000087080000)
 Metaspace       used 62696K, committed 64192K, reserved 1114112K
  class space    used 7320K, committed 8000K, reserved 1048576K
}
Event: 163.989 GC heap before
{Heap before GC invocations=132 (full 3):
 PSYoungGen      total 13824K, used 13568K [0x00000000d5580000, 0x00000000d6600000, 0x0000000100000000)
  eden space 13312K, 100% used [0x00000000d5580000,0x00000000d6280000,0x00000000d6280000)
  from space 512K, 50% used [0x00000000d6580000,0x00000000d65c0000,0x00000000d6600000)
  to   space 1536K, 0% used [0x00000000d6300000,0x00000000d6300000,0x00000000d6480000)
 ParOldGen       total 115200K, used 115130K [0x0000000080000000, 0x0000000087080000, 0x00000000d5580000)
  object space 115200K, 99% used [0x0000000080000000,0x000000008706eb68,0x0000000087080000)
 Metaspace       used 62696K, committed 64192K, reserved 1114112K
  class space    used 7320K, committed 8000K, reserved 1048576K
}
Event: 163.991 GC heap after
{Heap after GC invocations=132 (full 3):
 PSYoungGen      total 14848K, used 416K [0x00000000d5580000, 0x00000000d6600000, 0x0000000100000000)
  eden space 13312K, 0% used [0x00000000d5580000,0x00000000d5580000,0x00000000d6280000)
  from space 1536K, 27% used [0x00000000d6300000,0x00000000d6368000,0x00000000d6480000)
  to   space 512K, 0% used [0x00000000d6580000,0x00000000d6580000,0x00000000d6600000)
 ParOldGen       total 115712K, used 115346K [0x0000000080000000, 0x0000000087100000, 0x00000000d5580000)
  object space 115712K, 99% used [0x0000000080000000,0x00000000870a4b68,0x0000000087100000)
 Metaspace       used 62696K, committed 64192K, reserved 1114112K
  class space    used 7320K, committed 8000K, reserved 1048576K
}
Event: 164.080 GC heap before
{Heap before GC invocations=133 (full 3):
 PSYoungGen      total 14848K, used 13728K [0x00000000d5580000, 0x00000000d6600000, 0x0000000100000000)
  eden space 13312K, 100% used [0x00000000d5580000,0x00000000d6280000,0x00000000d6280000)
  from space 1536K, 27% used [0x00000000d6300000,0x00000000d6368000,0x00000000d6480000)
  to   space 512K, 0% used [0x00000000d6580000,0x00000000d6580000,0x00000000d6600000)
 ParOldGen       total 115712K, used 115346K [0x0000000080000000, 0x0000000087100000, 0x00000000d5580000)
  object space 115712K, 99% used [0x0000000080000000,0x00000000870a4b68,0x0000000087100000)
 Metaspace       used 62707K, committed 64192K, reserved 1114112K
  class space    used 7322K, committed 8000K, reserved 1048576K
}
Event: 164.082 GC heap after
{Heap after GC invocations=133 (full 3):
 PSYoungGen      total 13824K, used 192K [0x00000000d5580000, 0x00000000d6600000, 0x0000000100000000)
  eden space 13312K, 0% used [0x00000000d5580000,0x00000000d5580000,0x00000000d6280000)
  from space 512K, 37% used [0x00000000d6580000,0x00000000d65b0000,0x00000000d6600000)
  to   space 512K, 0% used [0x00000000d6500000,0x00000000d6500000,0x00000000d6580000)
 ParOldGen       total 115712K, used 115666K [0x0000000080000000, 0x0000000087100000, 0x00000000d5580000)
  object space 115712K, 99% used [0x0000000080000000,0x00000000870f4868,0x0000000087100000)
 Metaspace       used 62707K, committed 64192K, reserved 1114112K
  class space    used 7322K, committed 8000K, reserved 1048576K
}
Event: 164.159 GC heap before
{Heap before GC invocations=134 (full 3):
 PSYoungGen      total 13824K, used 13504K [0x00000000d5580000, 0x00000000d6600000, 0x0000000100000000)
  eden space 13312K, 100% used [0x00000000d5580000,0x00000000d6280000,0x00000000d6280000)
  from space 512K, 37% used [0x00000000d6580000,0x00000000d65b0000,0x00000000d6600000)
  to   space 512K, 0% used [0x00000000d6500000,0x00000000d6500000,0x00000000d6580000)
 ParOldGen       total 115712K, used 115666K [0x0000000080000000, 0x0000000087100000, 0x00000000d5580000)
  object space 115712K, 99% used [0x0000000080000000,0x00000000870f4868,0x0000000087100000)
 Metaspace       used 62707K, committed 64192K, reserved 1114112K
  class space    used 7322K, committed 8000K, reserved 1048576K
}
Event: 164.160 GC heap after
{Heap after GC invocations=134 (full 3):
 PSYoungGen      total 13824K, used 162K [0x00000000d5580000, 0x00000000d6600000, 0x0000000100000000)
  eden space 13312K, 0% used [0x00000000d5580000,0x00000000d5580000,0x00000000d6280000)
  from space 512K, 31% used [0x00000000d6500000,0x00000000d6528b48,0x00000000d6580000)
  to   space 512K, 0% used [0x00000000d6580000,0x00000000d6580000,0x00000000d6600000)
 ParOldGen       total 115712K, used 115706K [0x0000000080000000, 0x0000000087100000, 0x00000000d5580000)
  object space 115712K, 99% used [0x0000000080000000,0x00000000870fe868,0x0000000087100000)
 Metaspace       used 62707K, committed 64192K, reserved 1114112K
  class space    used 7322K, committed 8000K, reserved 1048576K
}
Event: 416.072 GC heap before
{Heap before GC invocations=135 (full 3):
 PSYoungGen      total 13824K, used 13474K [0x00000000d5580000, 0x00000000d6600000, 0x0000000100000000)
  eden space 13312K, 100% used [0x00000000d5580000,0x00000000d6280000,0x00000000d6280000)
  from space 512K, 31% used [0x00000000d6500000,0x00000000d6528b48,0x00000000d6580000)
  to   space 512K, 0% used [0x00000000d6580000,0x00000000d6580000,0x00000000d6600000)
 ParOldGen       total 115712K, used 115706K [0x0000000080000000, 0x0000000087100000, 0x00000000d5580000)
  object space 115712K, 99% used [0x0000000080000000,0x00000000870fe868,0x0000000087100000)
 Metaspace       used 63743K, committed 65280K, reserved 1114112K
  class space    used 7442K, committed 8128K, reserved 1048576K
}
Event: 416.189 GC heap after
{Heap after GC invocations=135 (full 3):
 PSYoungGen      total 13824K, used 505K [0x00000000d5580000, 0x00000000d6600000, 0x0000000100000000)
  eden space 13312K, 0% used [0x00000000d5580000,0x00000000d5580000,0x00000000d6280000)
  from space 512K, 98% used [0x00000000d6580000,0x00000000d65fe470,0x00000000d6600000)
  to   space 1024K, 0% used [0x00000000d6400000,0x00000000d6400000,0x00000000d6500000)
 ParOldGen       total 116224K, used 115730K [0x0000000080000000, 0x0000000087180000, 0x00000000d5580000)
  object space 116224K, 99% used [0x0000000080000000,0x0000000087104868,0x0000000087180000)
 Metaspace       used 63743K, committed 65280K, reserved 1114112K
  class space    used 7442K, committed 8128K, reserved 1048576K
}
Event: 1838.022 GC heap before
{Heap before GC invocations=136 (full 3):
 PSYoungGen      total 13824K, used 13817K [0x00000000d5580000, 0x00000000d6600000, 0x0000000100000000)
  eden space 13312K, 100% used [0x00000000d5580000,0x00000000d6280000,0x00000000d6280000)
  from space 512K, 98% used [0x00000000d6580000,0x00000000d65fe470,0x00000000d6600000)
  to   space 1024K, 0% used [0x00000000d6400000,0x00000000d6400000,0x00000000d6500000)
 ParOldGen       total 116224K, used 115730K [0x0000000080000000, 0x0000000087180000, 0x00000000d5580000)
  object space 116224K, 99% used [0x0000000080000000,0x0000000087104868,0x0000000087180000)
 Metaspace       used 64061K, committed 65536K, reserved 1114112K
  class space    used 7471K, committed 8128K, reserved 1048576K
}
Event: 1838.265 GC heap after
{Heap after GC invocations=136 (full 3):
 PSYoungGen      total 14336K, used 128K [0x00000000d5580000, 0x00000000d6600000, 0x0000000100000000)
  eden space 13312K, 0% used [0x00000000d5580000,0x00000000d5580000,0x00000000d6280000)
  from space 1024K, 12% used [0x00000000d6400000,0x00000000d6420000,0x00000000d6500000)
  to   space 512K, 0% used [0x00000000d6580000,0x00000000d6580000,0x00000000d6600000)
 ParOldGen       total 116224K, used 116171K [0x0000000080000000, 0x0000000087180000, 0x00000000d5580000)
  object space 116224K, 99% used [0x0000000080000000,0x0000000087172e88,0x0000000087180000)
 Metaspace       used 64061K, committed 65536K, reserved 1114112K
  class space    used 7471K, committed 8128K, reserved 1048576K
}
Event: 4919.789 GC heap before
{Heap before GC invocations=137 (full 3):
 PSYoungGen      total 14336K, used 13440K [0x00000000d5580000, 0x00000000d6600000, 0x0000000100000000)
  eden space 13312K, 100% used [0x00000000d5580000,0x00000000d6280000,0x00000000d6280000)
  from space 1024K, 12% used [0x00000000d6400000,0x00000000d6420000,0x00000000d6500000)
  to   space 512K, 0% used [0x00000000d6580000,0x00000000d6580000,0x00000000d6600000)
 ParOldGen       total 116224K, used 116171K [0x0000000080000000, 0x0000000087180000, 0x00000000d5580000)
  object space 116224K, 99% used [0x0000000080000000,0x0000000087172e88,0x0000000087180000)
 Metaspace       used 64183K, committed 65728K, reserved 1114112K
  class space    used 7471K, committed 8128K, reserved 1048576K
}
Event: 4919.873 GC heap after
{Heap after GC invocations=137 (full 3):
 PSYoungGen      total 13824K, used 128K [0x00000000d5580000, 0x00000000d6600000, 0x0000000100000000)
  eden space 13312K, 0% used [0x00000000d5580000,0x00000000d5580000,0x00000000d6280000)
  from space 512K, 25% used [0x00000000d6580000,0x00000000d65a0000,0x00000000d6600000)
  to   space 512K, 0% used [0x00000000d6500000,0x00000000d6500000,0x00000000d6580000)
 ParOldGen       total 116736K, used 116227K [0x0000000080000000, 0x0000000087200000, 0x00000000d5580000)
  object space 116736K, 99% used [0x0000000080000000,0x0000000087180e88,0x0000000087200000)
 Metaspace       used 64183K, committed 65728K, reserved 1114112K
  class space    used 7471K, committed 8128K, reserved 1048576K
}
Event: 5785.886 GC heap before
{Heap before GC invocations=138 (full 3):
 PSYoungGen      total 13824K, used 13440K [0x00000000d5580000, 0x00000000d6600000, 0x0000000100000000)
  eden space 13312K, 100% used [0x00000000d5580000,0x00000000d6280000,0x00000000d6280000)
  from space 512K, 25% used [0x00000000d6580000,0x00000000d65a0000,0x00000000d6600000)
  to   space 512K, 0% used [0x00000000d6500000,0x00000000d6500000,0x00000000d6580000)
 ParOldGen       total 116736K, used 116227K [0x0000000080000000, 0x0000000087200000, 0x00000000d5580000)
  object space 116736K, 99% used [0x0000000080000000,0x0000000087180e88,0x0000000087200000)
 Metaspace       used 64248K, committed 65792K, reserved 1114112K
  class space    used 7474K, committed 8128K, reserved 1048576K
}
Event: 5785.889 GC heap after
{Heap after GC invocations=138 (full 3):
 PSYoungGen      total 13824K, used 128K [0x00000000d5580000, 0x00000000d6600000, 0x0000000100000000)
  eden space 13312K, 0% used [0x00000000d5580000,0x00000000d5580000,0x00000000d6280000)
  from space 512K, 25% used [0x00000000d6500000,0x00000000d6520000,0x00000000d6580000)
  to   space 512K, 0% used [0x00000000d6580000,0x00000000d6580000,0x00000000d6600000)
 ParOldGen       total 116736K, used 116251K [0x0000000080000000, 0x0000000087200000, 0x00000000d5580000)
  object space 116736K, 99% used [0x0000000080000000,0x0000000087186e88,0x0000000087200000)
 Metaspace       used 64248K, committed 65792K, reserved 1114112K
  class space    used 7474K, committed 8128K, reserved 1048576K
}
Event: 174487.650 GC heap before
{Heap before GC invocations=139 (full 3):
 PSYoungGen      total 13824K, used 13440K [0x00000000d5580000, 0x00000000d6600000, 0x0000000100000000)
  eden space 13312K, 100% used [0x00000000d5580000,0x00000000d6280000,0x00000000d6280000)
  from space 512K, 25% used [0x00000000d6500000,0x00000000d6520000,0x00000000d6580000)
  to   space 512K, 0% used [0x00000000d6580000,0x00000000d6580000,0x00000000d6600000)
 ParOldGen       total 116736K, used 116251K [0x0000000080000000, 0x0000000087200000, 0x00000000d5580000)
  object space 116736K, 99% used [0x0000000080000000,0x0000000087186e88,0x0000000087200000)
 Metaspace       used 64322K, committed 65792K, reserved 1114112K
  class space    used 7474K, committed 8128K, reserved 1048576K
}
Event: 174487.768 GC heap after
{Heap after GC invocations=139 (full 3):
 PSYoungGen      total 13824K, used 128K [0x00000000d5580000, 0x00000000d6600000, 0x0000000100000000)
  eden space 13312K, 0% used [0x00000000d5580000,0x00000000d5580000,0x00000000d6280000)
  from space 512K, 25% used [0x00000000d6580000,0x00000000d65a0000,0x00000000d6600000)
  to   space 512K, 0% used [0x00000000d6500000,0x00000000d6500000,0x00000000d6580000)
 ParOldGen       total 116736K, used 116283K [0x0000000080000000, 0x0000000087200000, 0x00000000d5580000)
  object space 116736K, 99% used [0x0000000080000000,0x000000008718ee88,0x0000000087200000)
 Metaspace       used 64322K, committed 65792K, reserved 1114112K
  class space    used 7474K, committed 8128K, reserved 1048576K
}

