# JRE version: OpenJDK Runtime Environment Temurin-21.0.10+7 (21.0.10+7) (build 21.0.10+7-LTS)
# Java VM: OpenJDK 64-Bit Server VM Temurin-21.0.10+7 (21.0.10+7-LTS, mixed mode, sharing, tiered, compressed oops, compressed class ptrs, parallel gc, windows-amd64)
GC Precious Log:
 CardTable entry size: 512
 CPUs: 4 total, 4 available
 Memory: 8095M
 Large Page Support: Disabled
 NUMA Support: Disabled
 Compressed Oops: Enabled (32-bit)
 Alignments: Space 512K, Generation 512K, Heap 2M
 Heap Min Capacity: 100M
 Heap Initial Capacity: 100M
 Heap Max Capacity: 2G
 Pre-touch: Disabled
 Parallel Workers: 4
Heap:
 PSYoungGen      total 19968K, used 9961K [0x00000000d5580000, 0x00000000d6c00000, 0x0000000100000000)
  eden space 18432K, 48% used [0x00000000d5580000,0x00000000d5e29568,0x00000000d6780000)
  from space 1536K, 71% used [0x00000000d6a80000,0x00000000d6b90ff8,0x00000000d6c00000)
  to   space 1536K, 0% used [0x00000000d6900000,0x00000000d6900000,0x00000000d6a80000)
 ParOldGen       total 124416K, used 124122K [0x0000000080000000, 0x0000000087980000, 0x00000000d5580000)
  object space 124416K, 99% used [0x0000000080000000,0x0000000087936ac0,0x0000000087980000)
 Metaspace       used 72574K, committed 74048K, reserved 1114112K
  class space    used 8416K, committed 9088K, reserved 1048576K
GC Heap History (20 events):
Event: 442.806 GC heap before
{Heap before GC invocations=94 (full 3):
 PSYoungGen      total 20480K, used 20480K [0x00000000d5580000, 0x00000000d6c00000, 0x0000000100000000)
  eden space 19968K, 100% used [0x00000000d5580000,0x00000000d6900000,0x00000000d6900000)
  from space 512K, 100% used [0x00000000d6b80000,0x00000000d6c00000,0x00000000d6c00000)
  to   space 1536K, 0% used [0x00000000d6900000,0x00000000d6900000,0x00000000d6a80000)
 ParOldGen       total 116224K, used 115754K [0x0000000080000000, 0x0000000087180000, 0x00000000d5580000)
  object space 116224K, 99% used [0x0000000080000000,0x000000008710a8d8,0x0000000087180000)
 Metaspace       used 67034K, committed 68480K, reserved 1114112K
  class space    used 7851K, committed 8512K, reserved 1048576K
}
Event: 442.808 GC heap after
{Heap after GC invocations=94 (full 3):
 PSYoungGen      total 21504K, used 480K [0x00000000d5580000, 0x00000000d6c00000, 0x0000000100000000)
  eden space 19968K, 0% used [0x00000000d5580000,0x00000000d5580000,0x00000000d6900000)
  from space 1536K, 31% used [0x00000000d6900000,0x00000000d6978000,0x00000000d6a80000)
  to   space 1024K, 0% used [0x00000000d6b00000,0x00000000d6b00000,0x00000000d6c00000)
 ParOldGen       total 116736K, used 116250K [0x0000000080000000, 0x0000000087200000, 0x00000000d5580000)
  object space 116736K, 99% used [0x0000000080000000,0x00000000871868d8,0x0000000087200000)
 Metaspace       used 67034K, committed 68480K, reserved 1114112K
  class space    used 7851K, committed 8512K, reserved 1048576K
}
Event: 443.087 GC heap before
{Heap before GC invocations=95 (full 3):
 PSYoungGen      total 21504K, used 20448K [0x00000000d5580000, 0x00000000d6c00000, 0x0000000100000000)
  eden space 19968K, 100% used [0x00000000d5580000,0x00000000d6900000,0x00000000d6900000)
  from space 1536K, 31% used [0x00000000d6900000,0x00000000d6978000,0x00000000d6a80000)
  to   space 1024K, 0% used [0x00000000d6b00000,0x00000000d6b00000,0x00000000d6c00000)
 ParOldGen       total 116736K, used 116250K [0x0000000080000000, 0x0000000087200000, 0x00000000d5580000)
  object space 116736K, 99% used [0x0000000080000000,0x00000000871868d8,0x0000000087200000)
 Metaspace       used 67042K, committed 68544K, reserved 1114112K
  class space    used 7851K, committed 8512K, reserved 1048576K
}
Event: 443.092 GC heap after
{Heap after GC invocations=95 (full 3):
 PSYoungGen      total 19456K, used 1024K [0x00000000d5580000, 0x00000000d7000000, 0x0000000100000000)
  eden space 18432K, 0% used [0x00000000d5580000,0x00000000d5580000,0x00000000d6780000)
  from space 1024K, 100% used [0x00000000d6b00000,0x00000000d6c00000,0x00000000d6c00000)
  to   space 3584K, 0% used [0x00000000d6780000,0x00000000d6780000,0x00000000d6b00000)
 ParOldGen       total 118272K, used 118146K [0x0000000080000000, 0x0000000087380000, 0x00000000d5580000)
  object space 118272K, 99% used [0x0000000080000000,0x0000000087360a30,0x0000000087380000)
 Metaspace       used 67042K, committed 68544K, reserved 1114112K
  class space    used 7851K, committed 8512K, reserved 1048576K
}
Event: 443.175 GC heap before
{Heap before GC invocations=96 (full 3):
 PSYoungGen      total 19456K, used 19456K [0x00000000d5580000, 0x00000000d7000000, 0x0000000100000000)
  eden space 18432K, 100% used [0x00000000d5580000,0x00000000d6780000,0x00000000d6780000)
  from space 1024K, 100% used [0x00000000d6b00000,0x00000000d6c00000,0x00000000d6c00000)
  to   space 3584K, 0% used [0x00000000d6780000,0x00000000d6780000,0x00000000d6b00000)
 ParOldGen       total 118272K, used 118146K [0x0000000080000000, 0x0000000087380000, 0x00000000d5580000)
  object space 118272K, 99% used [0x0000000080000000,0x0000000087360a30,0x0000000087380000)
 Metaspace       used 67042K, committed 68544K, reserved 1114112K
  class space    used 7851K, committed 8512K, reserved 1048576K
}
Event: 443.178 GC heap after
{Heap after GC invocations=96 (full 3):
 PSYoungGen      total 18944K, used 320K [0x00000000d5580000, 0x00000000d6b80000, 0x0000000100000000)
  eden space 18432K, 0% used [0x00000000d5580000,0x00000000d5580000,0x00000000d6780000)
  from space 512K, 62% used [0x00000000d6780000,0x00000000d67d0000,0x00000000d6800000)
  to   space 1536K, 0% used [0x00000000d6a00000,0x00000000d6a00000,0x00000000d6b80000)
 ParOldGen       total 119296K, used 119186K [0x0000000080000000, 0x0000000087480000, 0x00000000d5580000)
  object space 119296K, 99% used [0x0000000080000000,0x0000000087464a30,0x0000000087480000)
 Metaspace       used 67042K, committed 68544K, reserved 1114112K
  class space    used 7851K, committed 8512K, reserved 1048576K
}
Event: 443.296 GC heap before
{Heap before GC invocations=97 (full 3):
 PSYoungGen      total 18944K, used 18752K [0x00000000d5580000, 0x00000000d6b80000, 0x0000000100000000)
  eden space 18432K, 100% used [0x00000000d5580000,0x00000000d6780000,0x00000000d6780000)
  from space 512K, 62% used [0x00000000d6780000,0x00000000d67d0000,0x00000000d6800000)
  to   space 1536K, 0% used [0x00000000d6a00000,0x00000000d6a00000,0x00000000d6b80000)
 ParOldGen       total 119296K, used 119186K [0x0000000080000000, 0x0000000087480000, 0x00000000d5580000)
  object space 119296K, 99% used [0x0000000080000000,0x0000000087464a30,0x0000000087480000)
 Metaspace       used 67055K, committed 68544K, reserved 1114112K
  class space    used 7853K, committed 8512K, reserved 1048576K
}
Event: 443.297 GC heap after
{Heap after GC invocations=97 (full 3):
 PSYoungGen      total 18944K, used 448K [0x00000000d5580000, 0x00000000d6a80000, 0x0000000100000000)
  eden space 18432K, 0% used [0x00000000d5580000,0x00000000d5580000,0x00000000d6780000)
  from space 512K, 87% used [0x00000000d6a00000,0x00000000d6a70000,0x00000000d6a80000)
  to   space 1024K, 0% used [0x00000000d6880000,0x00000000d6880000,0x00000000d6980000)
 ParOldGen       total 119808K, used 119457K [0x0000000080000000, 0x0000000087500000, 0x00000000d5580000)
  object space 119808K, 99% used [0x0000000080000000,0x00000000874a8730,0x0000000087500000)
 Metaspace       used 67055K, committed 68544K, reserved 1114112K
  class space    used 7853K, committed 8512K, reserved 1048576K
}
Event: 443.444 GC heap before
{Heap before GC invocations=98 (full 3):
 PSYoungGen      total 18944K, used 18880K [0x00000000d5580000, 0x00000000d6a80000, 0x0000000100000000)
  eden space 18432K, 100% used [0x00000000d5580000,0x00000000d6780000,0x00000000d6780000)
  from space 512K, 87% used [0x00000000d6a00000,0x00000000d6a70000,0x00000000d6a80000)
  to   space 1024K, 0% used [0x00000000d6880000,0x00000000d6880000,0x00000000d6980000)
 ParOldGen       total 119808K, used 119457K [0x0000000080000000, 0x0000000087500000, 0x00000000d5580000)
  object space 119808K, 99% used [0x0000000080000000,0x00000000874a8730,0x0000000087500000)
 Metaspace       used 67058K, committed 68544K, reserved 1114112K
  class space    used 7853K, committed 8512K, reserved 1048576K
}
Event: 443.446 GC heap after
{Heap after GC invocations=98 (full 3):
 PSYoungGen      total 19456K, used 128K [0x00000000d5580000, 0x00000000d6a80000, 0x0000000100000000)
  eden space 18432K, 0% used [0x00000000d5580000,0x00000000d5580000,0x00000000d6780000)
  from space 1024K, 12% used [0x00000000d6880000,0x00000000d68a0000,0x00000000d6980000)
  to   space 512K, 0% used [0x00000000d6a00000,0x00000000d6a00000,0x00000000d6a80000)
 ParOldGen       total 119808K, used 119745K [0x0000000080000000, 0x0000000087500000, 0x00000000d5580000)
  object space 119808K, 99% used [0x0000000080000000,0x00000000874f0730,0x0000000087500000)
 Metaspace       used 67058K, committed 68544K, reserved 1114112K
  class space    used 7853K, committed 8512K, reserved 1048576K
}
Event: 3401.798 GC heap before
{Heap before GC invocations=99 (full 3):
 PSYoungGen      total 19456K, used 18560K [0x00000000d5580000, 0x00000000d6a80000, 0x0000000100000000)
  eden space 18432K, 100% used [0x00000000d5580000,0x00000000d6780000,0x00000000d6780000)
  from space 1024K, 12% used [0x00000000d6880000,0x00000000d68a0000,0x00000000d6980000)
  to   space 512K, 0% used [0x00000000d6a00000,0x00000000d6a00000,0x00000000d6a80000)
 ParOldGen       total 119808K, used 119745K [0x0000000080000000, 0x0000000087500000, 0x00000000d5580000)
  object space 119808K, 99% used [0x0000000080000000,0x00000000874f0730,0x0000000087500000)
 Metaspace       used 68467K, committed 69952K, reserved 1114112K
  class space    used 8014K, committed 8640K, reserved 1048576K
}
Event: 3402.084 GC heap after
{Heap after GC invocations=99 (full 3):
 PSYoungGen      total 18944K, used 505K [0x00000000d5580000, 0x00000000d6a80000, 0x0000000100000000)
  eden space 18432K, 0% used [0x00000000d5580000,0x00000000d5580000,0x00000000d6780000)
  from space 512K, 98% used [0x00000000d6a00000,0x00000000d6a7e490,0x00000000d6a80000)
  to   space 1024K, 0% used [0x00000000d6880000,0x00000000d6880000,0x00000000d6980000)
 ParOldGen       total 120320K, used 119873K [0x0000000080000000, 0x0000000087580000, 0x00000000d5580000)
  object space 120320K, 99% used [0x0000000080000000,0x0000000087510730,0x0000000087580000)
 Metaspace       used 68467K, committed 69952K, reserved 1114112K
  class space    used 8014K, committed 8640K, reserved 1048576K
}
Event: 6176.762 GC heap before
{Heap before GC invocations=100 (full 3):
 PSYoungGen      total 18944K, used 18926K [0x00000000d5580000, 0x00000000d6a80000, 0x0000000100000000)
  eden space 18432K, 99% used [0x00000000d5580000,0x00000000d677d4a8,0x00000000d6780000)
  from space 512K, 98% used [0x00000000d6a00000,0x00000000d6a7e490,0x00000000d6a80000)
  to   space 1024K, 0% used [0x00000000d6880000,0x00000000d6880000,0x00000000d6980000)
 ParOldGen       total 120320K, used 119873K [0x0000000080000000, 0x0000000087580000, 0x00000000d5580000)
  object space 120320K, 99% used [0x0000000080000000,0x0000000087510730,0x0000000087580000)
 Metaspace       used 69875K, committed 71360K, reserved 1114112K
  class space    used 8148K, committed 8768K, reserved 1048576K
}
Event: 6176.838 GC heap after
{Heap after GC invocations=100 (full 3):
 PSYoungGen      total 19456K, used 1016K [0x00000000d5580000, 0x00000000d6e80000, 0x0000000100000000)
  eden space 18432K, 0% used [0x00000000d5580000,0x00000000d5580000,0x00000000d6780000)
  from space 1024K, 99% used [0x00000000d6880000,0x00000000d697e308,0x00000000d6980000)
  to   space 3584K, 0% used [0x00000000d6b00000,0x00000000d6b00000,0x00000000d6e80000)
 ParOldGen       total 121856K, used 121711K [0x0000000080000000, 0x0000000087700000, 0x00000000d5580000)
  object space 121856K, 99% used [0x0000000080000000,0x00000000876dbe30,0x0000000087700000)
 Metaspace       used 69875K, committed 71360K, reserved 1114112K
  class space    used 8148K, committed 8768K, reserved 1048576K
}
Event: 6178.744 GC heap before
{Heap before GC invocations=101 (full 3):
 PSYoungGen      total 19456K, used 19448K [0x00000000d5580000, 0x00000000d6e80000, 0x0000000100000000)
  eden space 18432K, 100% used [0x00000000d5580000,0x00000000d6780000,0x00000000d6780000)
  from space 1024K, 99% used [0x00000000d6880000,0x00000000d697e308,0x00000000d6980000)
  to   space 3584K, 0% used [0x00000000d6b00000,0x00000000d6b00000,0x00000000d6e80000)
 ParOldGen       total 121856K, used 121711K [0x0000000080000000, 0x0000000087700000, 0x00000000d5580000)
  object space 121856K, 99% used [0x0000000080000000,0x00000000876dbe30,0x0000000087700000)
 Metaspace       used 71086K, committed 72576K, reserved 1114112K
  class space    used 8304K, committed 8960K, reserved 1048576K
}
Event: 6178.749 GC heap after
{Heap after GC invocations=101 (full 3):
 PSYoungGen      total 19456K, used 544K [0x00000000d5580000, 0x00000000d6c00000, 0x0000000100000000)
  eden space 18432K, 0% used [0x00000000d5580000,0x00000000d5580000,0x00000000d6780000)
  from space 1024K, 53% used [0x00000000d6b00000,0x00000000d6b88000,0x00000000d6c00000)
  to   space 1536K, 0% used [0x00000000d6900000,0x00000000d6900000,0x00000000d6a80000)
 ParOldGen       total 122880K, used 122739K [0x0000000080000000, 0x0000000087800000, 0x00000000d5580000)
  object space 122880K, 99% used [0x0000000080000000,0x00000000877dcc68,0x0000000087800000)
 Metaspace       used 71086K, committed 72576K, reserved 1114112K
  class space    used 8304K, committed 8960K, reserved 1048576K
}
Event: 6179.732 GC heap before
{Heap before GC invocations=102 (full 3):
 PSYoungGen      total 19456K, used 18976K [0x00000000d5580000, 0x00000000d6c00000, 0x0000000100000000)
  eden space 18432K, 100% used [0x00000000d5580000,0x00000000d6780000,0x00000000d6780000)
  from space 1024K, 53% used [0x00000000d6b00000,0x00000000d6b88000,0x00000000d6c00000)
  to   space 1536K, 0% used [0x00000000d6900000,0x00000000d6900000,0x00000000d6a80000)
 ParOldGen       total 122880K, used 122739K [0x0000000080000000, 0x0000000087800000, 0x00000000d5580000)
  object space 122880K, 99% used [0x0000000080000000,0x00000000877dcc68,0x0000000087800000)
 Metaspace       used 72480K, committed 73984K, reserved 1114112K
  class space    used 8416K, committed 9088K, reserved 1048576K
}
Event: 6179.740 GC heap after
{Heap after GC invocations=102 (full 3):
 PSYoungGen      total 19968K, used 1512K [0x00000000d5580000, 0x00000000d6c80000, 0x0000000100000000)
  eden space 18432K, 0% used [0x00000000d5580000,0x00000000d5580000,0x00000000d6780000)
  from space 1536K, 98% used [0x00000000d6900000,0x00000000d6a7a398,0x00000000d6a80000)
  to   space 2048K, 0% used [0x00000000d6a80000,0x00000000d6a80000,0x00000000d6c80000)
 ParOldGen       total 123904K, used 123445K [0x0000000080000000, 0x0000000087900000, 0x00000000d5580000)
  object space 123904K, 99% used [0x0000000080000000,0x000000008788d470,0x0000000087900000)
 Metaspace       used 72480K, committed 73984K, reserved 1114112K
  class space    used 8416K, committed 9088K, reserved 1048576K
}
Event: 6180.166 GC heap before
{Heap before GC invocations=103 (full 3):
 PSYoungGen      total 19968K, used 19944K [0x00000000d5580000, 0x00000000d6c80000, 0x0000000100000000)
  eden space 18432K, 100% used [0x00000000d5580000,0x00000000d6780000,0x00000000d6780000)
  from space 1536K, 98% used [0x00000000d6900000,0x00000000d6a7a398,0x00000000d6a80000)
  to   space 2048K, 0% used [0x00000000d6a80000,0x00000000d6a80000,0x00000000d6c80000)
 ParOldGen       total 123904K, used 123445K [0x0000000080000000, 0x0000000087900000, 0x00000000d5580000)
  object space 123904K, 99% used [0x0000000080000000,0x000000008788d470,0x0000000087900000)
 Metaspace       used 72571K, committed 74048K, reserved 1114112K
  class space    used 8416K, committed 9088K, reserved 1048576K
}
Event: 6180.170 GC heap after
{Heap after GC invocations=103 (full 3):
 PSYoungGen      total 19968K, used 1091K [0x00000000d5580000, 0x00000000d6c00000, 0x0000000100000000)
  eden space 18432K, 0% used [0x00000000d5580000,0x00000000d5580000,0x00000000d6780000)
  from space 1536K, 71% used [0x00000000d6a80000,0x00000000d6b90ff8,0x00000000d6c00000)
  to   space 1536K, 0% used [0x00000000d6900000,0x00000000d6900000,0x00000000d6a80000)
 ParOldGen       total 124416K, used 124122K [0x0000000080000000, 0x0000000087980000, 0x00000000d5580000)
  object space 124416K, 99% used [0x0000000080000000,0x0000000087936ac0,0x0000000087980000)
 Metaspace       used 72571K, committed 74048K, reserved 1114112K
  class space    used 8416K, committed 9088K, reserved 1048576K
}

