# JRE version: OpenJDK Runtime Environment Temurin-21.0.10+7 (21.0.10+7) (build 21.0.10+7-LTS)
# Java VM: OpenJDK 64-Bit Server VM Temurin-21.0.10+7 (21.0.10+7-LTS, mixed mode, sharing, tiered, compressed oops, compressed class ptrs, g1 gc, windows-amd64)
GC Precious Log:
 CardTable entry size: 512
 Card Set container configuration: InlinePtr #cards 5 size 8 Array Of Cards #cards 12 size 40 Howl #buckets 4 coarsen threshold 1843 Howl Bitmap #cards 512 size 80 coarsen threshold 460 Card regions per heap region 1 cards per card region 2048
 CPUs: 4 total, 4 available
 Memory: 8095M
 Large Page Support: Disabled
 NUMA Support: Disabled
 Compressed Oops: Enabled (32-bit)
 Heap Region Size: 1M
 Heap Min Capacity: 8M
 Heap Initial Capacity: 128M
 Heap Max Capacity: 2G
 Pre-touch: Disabled
 Parallel Workers: 4
 Concurrent Workers: 1
 Concurrent Refinement Workers: 4
 Periodic GC: Disabled
Heap:
 garbage-first heap   total 110592K, used 82157K [0x0000000080000000, 0x0000000100000000)
  region size 1024K, 37 young (37888K), 4 survivors (4096K)
 Metaspace       used 49616K, committed 51072K, reserved 491520K
  class space    used 7041K, committed 7744K, reserved 425984K
GC Heap History (20 events):
Event: 9.022 GC heap before
{Heap before GC invocations=6 (full 0):
 garbage-first heap   total 89088K, used 73746K [0x0000000080000000, 0x0000000100000000)
  region size 1024K, 52 young (53248K), 5 survivors (5120K)
 Metaspace       used 26993K, committed 28096K, reserved 491520K
  class space    used 4133K, committed 4672K, reserved 425984K
}
Event: 9.035 GC heap after
{Heap after GC invocations=7 (full 0):
 garbage-first heap   total 89088K, used 28291K [0x0000000080000000, 0x0000000100000000)
  region size 1024K, 6 young (6144K), 6 survivors (6144K)
 Metaspace       used 26993K, committed 28096K, reserved 491520K
  class space    used 4133K, committed 4672K, reserved 425984K
}
Event: 10.237 GC heap before
{Heap before GC invocations=7 (full 0):
 garbage-first heap   total 89088K, used 71299K [0x0000000080000000, 0x0000000100000000)
  region size 1024K, 49 young (50176K), 6 survivors (6144K)
 Metaspace       used 31943K, committed 33216K, reserved 491520K
  class space    used 4788K, committed 5440K, reserved 425984K
}
Event: 10.249 GC heap after
{Heap after GC invocations=8 (full 0):
 garbage-first heap   total 89088K, used 32119K [0x0000000080000000, 0x0000000100000000)
  region size 1024K, 7 young (7168K), 7 survivors (7168K)
 Metaspace       used 31943K, committed 33216K, reserved 491520K
  class space    used 4788K, committed 5440K, reserved 425984K
}
Event: 11.954 GC heap before
{Heap before GC invocations=8 (full 0):
 garbage-first heap   total 89088K, used 74103K [0x0000000080000000, 0x0000000100000000)
  region size 1024K, 48 young (49152K), 7 survivors (7168K)
 Metaspace       used 34649K, committed 35840K, reserved 491520K
  class space    used 5224K, committed 5824K, reserved 425984K
}
Event: 11.969 GC heap after
{Heap after GC invocations=9 (full 0):
 garbage-first heap   total 89088K, used 35175K [0x0000000080000000, 0x0000000100000000)
  region size 1024K, 5 young (5120K), 5 survivors (5120K)
 Metaspace       used 34649K, committed 35840K, reserved 491520K
  class space    used 5224K, committed 5824K, reserved 425984K
}
Event: 12.795 GC heap before
{Heap before GC invocations=9 (full 0):
 garbage-first heap   total 89088K, used 75111K [0x0000000080000000, 0x0000000100000000)
  region size 1024K, 44 young (45056K), 5 survivors (5120K)
 Metaspace       used 34665K, committed 35904K, reserved 491520K
  class space    used 5224K, committed 5824K, reserved 425984K
}
Event: 12.806 GC heap after
{Heap after GC invocations=10 (full 0):
 garbage-first heap   total 89088K, used 37254K [0x0000000080000000, 0x0000000100000000)
  region size 1024K, 4 young (4096K), 4 survivors (4096K)
 Metaspace       used 34665K, committed 35904K, reserved 491520K
  class space    used 5224K, committed 5824K, reserved 425984K
}
Event: 13.534 GC heap before
{Heap before GC invocations=10 (full 0):
 garbage-first heap   total 89088K, used 70022K [0x0000000080000000, 0x0000000100000000)
  region size 1024K, 37 young (37888K), 4 survivors (4096K)
 Metaspace       used 34811K, committed 35968K, reserved 491520K
  class space    used 5242K, committed 5824K, reserved 425984K
}
Event: 13.541 GC heap after
{Heap after GC invocations=11 (full 0):
 garbage-first heap   total 89088K, used 38384K [0x0000000080000000, 0x0000000100000000)
  region size 1024K, 3 young (3072K), 3 survivors (3072K)
 Metaspace       used 34811K, committed 35968K, reserved 491520K
  class space    used 5242K, committed 5824K, reserved 425984K
}
Event: 13.749 GC heap before
{Heap before GC invocations=12 (full 0):
 garbage-first heap   total 89088K, used 76272K [0x0000000080000000, 0x0000000100000000)
  region size 1024K, 40 young (40960K), 3 survivors (3072K)
 Metaspace       used 34820K, committed 36032K, reserved 491520K
  class space    used 5242K, committed 5824K, reserved 425984K
}
Event: 13.757 GC heap after
{Heap after GC invocations=13 (full 0):
 garbage-first heap   total 89088K, used 40308K [0x0000000080000000, 0x0000000100000000)
  region size 1024K, 5 young (5120K), 5 survivors (5120K)
 Metaspace       used 34820K, committed 36032K, reserved 491520K
  class space    used 5242K, committed 5824K, reserved 425984K
}
Event: 14.872 GC heap before
{Heap before GC invocations=13 (full 0):
 garbage-first heap   total 89088K, used 77172K [0x0000000080000000, 0x0000000100000000)
  region size 1024K, 41 young (41984K), 5 survivors (5120K)
 Metaspace       used 39012K, committed 40320K, reserved 491520K
  class space    used 5756K, committed 6400K, reserved 425984K
}
Event: 14.885 GC heap after
{Heap after GC invocations=14 (full 0):
 garbage-first heap   total 89088K, used 42400K [0x0000000080000000, 0x0000000100000000)
  region size 1024K, 5 young (5120K), 5 survivors (5120K)
 Metaspace       used 39012K, committed 40320K, reserved 491520K
  class space    used 5756K, committed 6400K, reserved 425984K
}
Event: 15.959 GC heap before
{Heap before GC invocations=14 (full 0):
 garbage-first heap   total 89088K, used 70048K [0x0000000080000000, 0x0000000100000000)
  region size 1024K, 31 young (31744K), 5 survivors (5120K)
 Metaspace       used 43197K, committed 44544K, reserved 491520K
  class space    used 6252K, committed 6912K, reserved 425984K
}
Event: 15.971 GC heap after
{Heap after GC invocations=15 (full 0):
 garbage-first heap   total 110592K, used 47702K [0x0000000080000000, 0x0000000100000000)
  region size 1024K, 6 young (6144K), 6 survivors (6144K)
 Metaspace       used 43197K, committed 44544K, reserved 491520K
  class space    used 6252K, committed 6912K, reserved 425984K
}
Event: 17.312 GC heap before
{Heap before GC invocations=15 (full 0):
 garbage-first heap   total 110592K, used 98902K [0x0000000080000000, 0x0000000100000000)
  region size 1024K, 53 young (54272K), 6 survivors (6144K)
 Metaspace       used 48620K, committed 50048K, reserved 491520K
  class space    used 6931K, committed 7616K, reserved 425984K
}
Event: 17.329 GC heap after
{Heap after GC invocations=16 (full 0):
 garbage-first heap   total 110592K, used 48431K [0x0000000080000000, 0x0000000100000000)
  region size 1024K, 6 young (6144K), 6 survivors (6144K)
 Metaspace       used 48620K, committed 50048K, reserved 491520K
  class space    used 6931K, committed 7616K, reserved 425984K
}
Event: 17.808 GC heap before
{Heap before GC invocations=16 (full 0):
 garbage-first heap   total 110592K, used 96559K [0x0000000080000000, 0x0000000100000000)
  region size 1024K, 53 young (54272K), 6 survivors (6144K)
 Metaspace       used 48711K, committed 50176K, reserved 491520K
  class space    used 6932K, committed 7616K, reserved 425984K
}
Event: 17.820 GC heap after
{Heap after GC invocations=17 (full 0):
 garbage-first heap   total 110592K, used 49389K [0x0000000080000000, 0x0000000100000000)
  region size 1024K, 4 young (4096K), 4 survivors (4096K)
 Metaspace       used 48711K, committed 50176K, reserved 491520K
  class space    used 6932K, committed 7616K, reserved 425984K
}

