# JRE version: OpenJDK Runtime Environment Temurin-21.0.10+7 (21.0.10+7) (build 21.0.10+7-LTS)
# Java VM: OpenJDK 64-Bit Server VM Temurin-21.0.10+7 (21.0.10+7-LTS, mixed mode, sharing, tiered, compressed oops, compressed class ptrs, parallel gc, windows-amd64)
GC Precious Log:
 CardTable entry size: 512
 CPUs: 4 total, 4 available
 Memory: 8095M
 Large Page Support: Disabled
 NUMA Support: Disabled
 Compressed Oops: Enabled (32-bit)
 Alignments: Space 512K, Generation 512K, Heap 2M
 Heap Min Capacity: 100M
 Heap Initial Capacity: 100M
 Heap Max Capacity: 2G
 Pre-touch: Disabled
 Parallel Workers: 4
Heap:
 PSYoungGen      total 3072K, used 2308K [0x00000000d5580000, 0x00000000d6200000, 0x0000000100000000)
  eden space 2560K, 70% used [0x00000000d5580000,0x00000000d57410f0,0x00000000d5800000)
  from space 512K, 100% used [0x00000000d6180000,0x00000000d6200000,0x00000000d6200000)
  to   space 1536K, 0% used [0x00000000d5f00000,0x00000000d5f00000,0x00000000d6080000)
 ParOldGen       total 91648K, used 91306K [0x0000000080000000, 0x0000000085980000, 0x00000000d5580000)
  object space 91648K, 99% used [0x0000000080000000,0x000000008592a930,0x0000000085980000)
 Metaspace       used 57709K, committed 59008K, reserved 1114112K
  class space    used 6710K, committed 7232K, reserved 1048576K
GC Heap History (20 events):
Event: 34.808 GC heap before
{Heap before GC invocations=174 (full 2):
 PSYoungGen      total 3072K, used 3057K [0x00000000d5580000, 0x00000000d6200000, 0x0000000100000000)
  eden space 2560K, 100% used [0x00000000d5580000,0x00000000d5800000,0x00000000d5800000)
  from space 512K, 97% used [0x00000000d6100000,0x00000000d617c400,0x00000000d6180000)
  to   space 512K, 0% used [0x00000000d6180000,0x00000000d6180000,0x00000000d6200000)
 ParOldGen       total 87040K, used 86925K [0x0000000080000000, 0x0000000085500000, 0x00000000d5580000)
  object space 87040K, 99% used [0x0000000080000000,0x00000000854e3640,0x0000000085500000)
 Metaspace       used 57435K, committed 58752K, reserved 1114112K
  class space    used 6701K, committed 7232K, reserved 1048576K
}
Event: 34.810 GC heap after
{Heap after GC invocations=174 (full 2):
 PSYoungGen      total 3072K, used 320K [0x00000000d5580000, 0x00000000d6200000, 0x0000000100000000)
  eden space 2560K, 0% used [0x00000000d5580000,0x00000000d5580000,0x00000000d5800000)
  from space 512K, 62% used [0x00000000d6180000,0x00000000d61d0010,0x00000000d6200000)
  to   space 512K, 0% used [0x00000000d6100000,0x00000000d6100000,0x00000000d6180000)
 ParOldGen       total 87552K, used 87374K [0x0000000080000000, 0x0000000085580000, 0x00000000d5580000)
  object space 87552K, 99% used [0x0000000080000000,0x0000000085553a40,0x0000000085580000)
 Metaspace       used 57435K, committed 58752K, reserved 1114112K
  class space    used 6701K, committed 7232K, reserved 1048576K
}
Event: 34.824 GC heap before
{Heap before GC invocations=175 (full 2):
 PSYoungGen      total 3072K, used 2880K [0x00000000d5580000, 0x00000000d6200000, 0x0000000100000000)
  eden space 2560K, 100% used [0x00000000d5580000,0x00000000d5800000,0x00000000d5800000)
  from space 512K, 62% used [0x00000000d6180000,0x00000000d61d0010,0x00000000d6200000)
  to   space 512K, 0% used [0x00000000d6100000,0x00000000d6100000,0x00000000d6180000)
 ParOldGen       total 87552K, used 87374K [0x0000000080000000, 0x0000000085580000, 0x00000000d5580000)
  object space 87552K, 99% used [0x0000000080000000,0x0000000085553a40,0x0000000085580000)
 Metaspace       used 57458K, committed 58752K, reserved 1114112K
  class space    used 6701K, committed 7232K, reserved 1048576K
}
Event: 34.825 GC heap after
{Heap after GC invocations=175 (full 2):
 PSYoungGen      total 3072K, used 320K [0x00000000d5580000, 0x00000000d6200000, 0x0000000100000000)
  eden space 2560K, 0% used [0x00000000d5580000,0x00000000d5580000,0x00000000d5800000)
  from space 512K, 62% used [0x00000000d6100000,0x00000000d6150000,0x00000000d6180000)
  to   space 512K, 0% used [0x00000000d6180000,0x00000000d6180000,0x00000000d6200000)
 ParOldGen       total 88064K, used 87665K [0x0000000080000000, 0x0000000085600000, 0x00000000d5580000)
  object space 88064K, 99% used [0x0000000080000000,0x000000008559c720,0x0000000085600000)
 Metaspace       used 57458K, committed 58752K, reserved 1114112K
  class space    used 6701K, committed 7232K, reserved 1048576K
}
Event: 34.904 GC heap before
{Heap before GC invocations=176 (full 2):
 PSYoungGen      total 3072K, used 2880K [0x00000000d5580000, 0x00000000d6200000, 0x0000000100000000)
  eden space 2560K, 100% used [0x00000000d5580000,0x00000000d5800000,0x00000000d5800000)
  from space 512K, 62% used [0x00000000d6100000,0x00000000d6150000,0x00000000d6180000)
  to   space 512K, 0% used [0x00000000d6180000,0x00000000d6180000,0x00000000d6200000)
 ParOldGen       total 88064K, used 87665K [0x0000000080000000, 0x0000000085600000, 0x00000000d5580000)
  object space 88064K, 99% used [0x0000000080000000,0x000000008559c720,0x0000000085600000)
 Metaspace       used 57458K, committed 58752K, reserved 1114112K
  class space    used 6701K, committed 7232K, reserved 1048576K
}
Event: 34.907 GC heap after
{Heap after GC invocations=176 (full 2):
 PSYoungGen      total 3072K, used 352K [0x00000000d5580000, 0x00000000d6200000, 0x0000000100000000)
  eden space 2560K, 0% used [0x00000000d5580000,0x00000000d5580000,0x00000000d5800000)
  from space 512K, 68% used [0x00000000d6180000,0x00000000d61d8000,0x00000000d6200000)
  to   space 512K, 0% used [0x00000000d6100000,0x00000000d6100000,0x00000000d6180000)
 ParOldGen       total 88064K, used 87921K [0x0000000080000000, 0x0000000085600000, 0x00000000d5580000)
  object space 88064K, 99% used [0x0000000080000000,0x00000000855dc720,0x0000000085600000)
 Metaspace       used 57458K, committed 58752K, reserved 1114112K
  class space    used 6701K, committed 7232K, reserved 1048576K
}
Event: 34.919 GC heap before
{Heap before GC invocations=177 (full 2):
 PSYoungGen      total 3072K, used 2912K [0x00000000d5580000, 0x00000000d6200000, 0x0000000100000000)
  eden space 2560K, 100% used [0x00000000d5580000,0x00000000d5800000,0x00000000d5800000)
  from space 512K, 68% used [0x00000000d6180000,0x00000000d61d8000,0x00000000d6200000)
  to   space 512K, 0% used [0x00000000d6100000,0x00000000d6100000,0x00000000d6180000)
 ParOldGen       total 88064K, used 87921K [0x0000000080000000, 0x0000000085600000, 0x00000000d5580000)
  object space 88064K, 99% used [0x0000000080000000,0x00000000855dc720,0x0000000085600000)
 Metaspace       used 57467K, committed 58816K, reserved 1114112K
  class space    used 6701K, committed 7232K, reserved 1048576K
}
Event: 34.921 GC heap after
{Heap after GC invocations=177 (full 2):
 PSYoungGen      total 3072K, used 320K [0x00000000d5580000, 0x00000000d6200000, 0x0000000100000000)
  eden space 2560K, 0% used [0x00000000d5580000,0x00000000d5580000,0x00000000d5800000)
  from space 512K, 62% used [0x00000000d6100000,0x00000000d6150000,0x00000000d6180000)
  to   space 512K, 0% used [0x00000000d6180000,0x00000000d6180000,0x00000000d6200000)
 ParOldGen       total 88576K, used 88209K [0x0000000080000000, 0x0000000085680000, 0x00000000d5580000)
  object space 88576K, 99% used [0x0000000080000000,0x0000000085624720,0x0000000085680000)
 Metaspace       used 57467K, committed 58816K, reserved 1114112K
  class space    used 6701K, committed 7232K, reserved 1048576K
}
Event: 34.939 GC heap before
{Heap before GC invocations=178 (full 2):
 PSYoungGen      total 3072K, used 2880K [0x00000000d5580000, 0x00000000d6200000, 0x0000000100000000)
  eden space 2560K, 100% used [0x00000000d5580000,0x00000000d5800000,0x00000000d5800000)
  from space 512K, 62% used [0x00000000d6100000,0x00000000d6150000,0x00000000d6180000)
  to   space 512K, 0% used [0x00000000d6180000,0x00000000d6180000,0x00000000d6200000)
 ParOldGen       total 88576K, used 88209K [0x0000000080000000, 0x0000000085680000, 0x00000000d5580000)
  object space 88576K, 99% used [0x0000000080000000,0x0000000085624720,0x0000000085680000)
 Metaspace       used 57467K, committed 58816K, reserved 1114112K
  class space    used 6701K, committed 7232K, reserved 1048576K
}
Event: 34.941 GC heap after
{Heap after GC invocations=178 (full 2):
 PSYoungGen      total 3072K, used 416K [0x00000000d5580000, 0x00000000d6200000, 0x0000000100000000)
  eden space 2560K, 0% used [0x00000000d5580000,0x00000000d5580000,0x00000000d5800000)
  from space 512K, 81% used [0x00000000d6180000,0x00000000d61e8010,0x00000000d6200000)
  to   space 512K, 0% used [0x00000000d6100000,0x00000000d6100000,0x00000000d6180000)
 ParOldGen       total 88576K, used 88497K [0x0000000080000000, 0x0000000085680000, 0x00000000d5580000)
  object space 88576K, 99% used [0x0000000080000000,0x000000008566c720,0x0000000085680000)
 Metaspace       used 57467K, committed 58816K, reserved 1114112K
  class space    used 6701K, committed 7232K, reserved 1048576K
}
Event: 35.025 GC heap before
{Heap before GC invocations=179 (full 2):
 PSYoungGen      total 3072K, used 2976K [0x00000000d5580000, 0x00000000d6200000, 0x0000000100000000)
  eden space 2560K, 100% used [0x00000000d5580000,0x00000000d5800000,0x00000000d5800000)
  from space 512K, 81% used [0x00000000d6180000,0x00000000d61e8010,0x00000000d6200000)
  to   space 512K, 0% used [0x00000000d6100000,0x00000000d6100000,0x00000000d6180000)
 ParOldGen       total 88576K, used 88497K [0x0000000080000000, 0x0000000085680000, 0x00000000d5580000)
  object space 88576K, 99% used [0x0000000080000000,0x000000008566c720,0x0000000085680000)
 Metaspace       used 57486K, committed 58816K, reserved 1114112K
  class space    used 6701K, committed 7232K, reserved 1048576K
}
Event: 35.028 GC heap after
{Heap after GC invocations=179 (full 2):
 PSYoungGen      total 3072K, used 496K [0x00000000d5580000, 0x00000000d6200000, 0x0000000100000000)
  eden space 2560K, 0% used [0x00000000d5580000,0x00000000d5580000,0x00000000d5800000)
  from space 512K, 96% used [0x00000000d6100000,0x00000000d617c010,0x00000000d6180000)
  to   space 512K, 0% used [0x00000000d6180000,0x00000000d6180000,0x00000000d6200000)
 ParOldGen       total 89088K, used 88937K [0x0000000080000000, 0x0000000085700000, 0x00000000d5580000)
  object space 89088K, 99% used [0x0000000080000000,0x00000000856da730,0x0000000085700000)
 Metaspace       used 57486K, committed 58816K, reserved 1114112K
  class space    used 6701K, committed 7232K, reserved 1048576K
}
Event: 35.041 GC heap before
{Heap before GC invocations=180 (full 2):
 PSYoungGen      total 3072K, used 3056K [0x00000000d5580000, 0x00000000d6200000, 0x0000000100000000)
  eden space 2560K, 100% used [0x00000000d5580000,0x00000000d5800000,0x00000000d5800000)
  from space 512K, 96% used [0x00000000d6100000,0x00000000d617c010,0x00000000d6180000)
  to   space 512K, 0% used [0x00000000d6180000,0x00000000d6180000,0x00000000d6200000)
 ParOldGen       total 89088K, used 88937K [0x0000000080000000, 0x0000000085700000, 0x00000000d5580000)
  object space 89088K, 99% used [0x0000000080000000,0x00000000856da730,0x0000000085700000)
 Metaspace       used 57486K, committed 58816K, reserved 1114112K
  class space    used 6701K, committed 7232K, reserved 1048576K
}
Event: 35.043 GC heap after
{Heap after GC invocations=180 (full 2):
 PSYoungGen      total 3072K, used 400K [0x00000000d5580000, 0x00000000d6200000, 0x0000000100000000)
  eden space 2560K, 0% used [0x00000000d5580000,0x00000000d5580000,0x00000000d5800000)
  from space 512K, 78% used [0x00000000d6180000,0x00000000d61e4010,0x00000000d6200000)
  to   space 1024K, 0% used [0x00000000d6000000,0x00000000d6000000,0x00000000d6100000)
 ParOldGen       total 89600K, used 89417K [0x0000000080000000, 0x0000000085780000, 0x00000000d5580000)
  object space 89600K, 99% used [0x0000000080000000,0x0000000085752760,0x0000000085780000)
 Metaspace       used 57486K, committed 58816K, reserved 1114112K
  class space    used 6701K, committed 7232K, reserved 1048576K
}
Event: 35.076 GC heap before
{Heap before GC invocations=181 (full 2):
 PSYoungGen      total 3072K, used 2960K [0x00000000d5580000, 0x00000000d6200000, 0x0000000100000000)
  eden space 2560K, 99% used [0x00000000d5580000,0x00000000d57ffff8,0x00000000d5800000)
  from space 512K, 78% used [0x00000000d6180000,0x00000000d61e4010,0x00000000d6200000)
  to   space 1024K, 0% used [0x00000000d6000000,0x00000000d6000000,0x00000000d6100000)
 ParOldGen       total 89600K, used 89417K [0x0000000080000000, 0x0000000085780000, 0x00000000d5580000)
  object space 89600K, 99% used [0x0000000080000000,0x0000000085752760,0x0000000085780000)
 Metaspace       used 57497K, committed 58816K, reserved 1114112K
  class space    used 6701K, committed 7232K, reserved 1048576K
}
Event: 35.077 GC heap after
{Heap after GC invocations=181 (full 2):
 PSYoungGen      total 3584K, used 480K [0x00000000d5580000, 0x00000000d6200000, 0x0000000100000000)
  eden space 2560K, 0% used [0x00000000d5580000,0x00000000d5580000,0x00000000d5800000)
  from space 1024K, 46% used [0x00000000d6000000,0x00000000d6078010,0x00000000d6100000)
  to   space 512K, 0% used [0x00000000d6180000,0x00000000d6180000,0x00000000d6200000)
 ParOldGen       total 90112K, used 89745K [0x0000000080000000, 0x0000000085800000, 0x00000000d5580000)
  object space 90112K, 99% used [0x0000000080000000,0x00000000857a4760,0x0000000085800000)
 Metaspace       used 57497K, committed 58816K, reserved 1114112K
  class space    used 6701K, committed 7232K, reserved 1048576K
}
Event: 35.093 GC heap before
{Heap before GC invocations=182 (full 2):
 PSYoungGen      total 3584K, used 3040K [0x00000000d5580000, 0x00000000d6200000, 0x0000000100000000)
  eden space 2560K, 100% used [0x00000000d5580000,0x00000000d5800000,0x00000000d5800000)
  from space 1024K, 46% used [0x00000000d6000000,0x00000000d6078010,0x00000000d6100000)
  to   space 512K, 0% used [0x00000000d6180000,0x00000000d6180000,0x00000000d6200000)
 ParOldGen       total 90112K, used 89745K [0x0000000080000000, 0x0000000085800000, 0x00000000d5580000)
  object space 90112K, 99% used [0x0000000080000000,0x00000000857a4760,0x0000000085800000)
 Metaspace       used 57497K, committed 58816K, reserved 1114112K
  class space    used 6701K, committed 7232K, reserved 1048576K
}
Event: 35.094 GC heap after
{Heap after GC invocations=182 (full 2):
 PSYoungGen      total 3072K, used 416K [0x00000000d5580000, 0x00000000d6200000, 0x0000000100000000)
  eden space 2560K, 0% used [0x00000000d5580000,0x00000000d5580000,0x00000000d5800000)
  from space 512K, 81% used [0x00000000d6180000,0x00000000d61e8000,0x00000000d6200000)
  to   space 512K, 0% used [0x00000000d6100000,0x00000000d6100000,0x00000000d6180000)
 ParOldGen       total 90624K, used 90137K [0x0000000080000000, 0x0000000085880000, 0x00000000d5580000)
  object space 90624K, 99% used [0x0000000080000000,0x0000000085806770,0x0000000085880000)
 Metaspace       used 57497K, committed 58816K, reserved 1114112K
  class space    used 6701K, committed 7232K, reserved 1048576K
}
Event: 35.115 GC heap before
{Heap before GC invocations=183 (full 2):
 PSYoungGen      total 3072K, used 2976K [0x00000000d5580000, 0x00000000d6200000, 0x0000000100000000)
  eden space 2560K, 100% used [0x00000000d5580000,0x00000000d5800000,0x00000000d5800000)
  from space 512K, 81% used [0x00000000d6180000,0x00000000d61e8000,0x00000000d6200000)
  to   space 512K, 0% used [0x00000000d6100000,0x00000000d6100000,0x00000000d6180000)
 ParOldGen       total 90624K, used 90137K [0x0000000080000000, 0x0000000085880000, 0x00000000d5580000)
  object space 90624K, 99% used [0x0000000080000000,0x0000000085806770,0x0000000085880000)
 Metaspace       used 57512K, committed 58816K, reserved 1114112K
  class space    used 6701K, committed 7232K, reserved 1048576K
}
Event: 35.118 GC heap after
{Heap after GC invocations=183 (full 2):
 PSYoungGen      total 3072K, used 480K [0x00000000d5580000, 0x00000000d6200000, 0x0000000100000000)
  eden space 2560K, 0% used [0x00000000d5580000,0x00000000d5580000,0x00000000d5800000)
  from space 512K, 93% used [0x00000000d6100000,0x00000000d6178010,0x00000000d6180000)
  to   space 512K, 0% used [0x00000000d6180000,0x00000000d6180000,0x00000000d6200000)
 ParOldGen       total 91136K, used 90787K [0x0000000080000000, 0x0000000085900000, 0x00000000d5580000)
  object space 91136K, 99% used [0x0000000080000000,0x00000000858a8f70,0x0000000085900000)
 Metaspace       used 57512K, committed 58816K, reserved 1114112K
  class space    used 6701K, committed 7232K, reserved 1048576K
}

