# JRE version: OpenJDK Runtime Environment Temurin-21.0.10+7 (21.0.10+7) (build 21.0.10+7-LTS)
# Java VM: OpenJDK 64-Bit Server VM Temurin-21.0.10+7 (21.0.10+7-LTS, mixed mode, sharing, tiered, compressed oops, compressed class ptrs, parallel gc, windows-amd64)
GC Precious Log:
 CardTable entry size: 512
 CPUs: 4 total, 4 available
 Memory: 8095M
 Large Page Support: Disabled
 NUMA Support: Disabled
 Compressed Oops: Enabled (32-bit)
 Alignments: Space 512K, Generation 512K, Heap 2M
 Heap Min Capacity: 100M
 Heap Initial Capacity: 100M
 Heap Max Capacity: 2G
 Pre-touch: Disabled
 Parallel Workers: 4
Heap:
 PSYoungGen      total 19968K, used 19473K [0x00000000d5580000, 0x00000000d6e00000, 0x0000000100000000)
  eden space 17408K, 100% used [0x00000000d5580000,0x00000000d6680000,0x00000000d6680000)
  from space 2560K, 80% used [0x00000000d6880000,0x00000000d6a84410,0x00000000d6b00000)
  to   space 2560K, 83% used [0x00000000d6b80000,0x00000000d6d98810,0x00000000d6e00000)
 ParOldGen       total 75264K, used 75263K [0x0000000080000000, 0x0000000084980000, 0x00000000d5580000)
  object space 75264K, 99% used [0x0000000080000000,0x000000008497fc78,0x0000000084980000)
 Metaspace       used 61228K, committed 62656K, reserved 1114112K
  class space    used 7212K, committed 7808K, reserved 1048576K
GC Heap History (20 events):
Event: 216.349 GC heap before
{Heap before GC invocations=41 (full 3):
 PSYoungGen      total 23552K, used 17440K [0x00000000d5580000, 0x00000000d7200000, 0x0000000100000000)
  eden space 17408K, 100% used [0x00000000d5580000,0x00000000d6680000,0x00000000d6680000)
  from space 6144K, 0% used [0x00000000d6800000,0x00000000d6808000,0x00000000d6e00000)
  to   space 2048K, 0% used [0x00000000d7000000,0x00000000d7000000,0x00000000d7200000)
 ParOldGen       total 72192K, used 63142K [0x0000000080000000, 0x0000000084680000, 0x00000000d5580000)
  object space 72192K, 87% used [0x0000000080000000,0x0000000083da9988,0x0000000084680000)
 Metaspace       used 59033K, committed 60416K, reserved 1114112K
  class space    used 6984K, committed 7552K, reserved 1048576K
}
Event: 216.350 GC heap after
{Heap after GC invocations=41 (full 3):
 PSYoungGen      total 17920K, used 32K [0x00000000d5580000, 0x00000000d7080000, 0x0000000100000000)
  eden space 17408K, 0% used [0x00000000d5580000,0x00000000d5580000,0x00000000d6680000)
  from space 512K, 6% used [0x00000000d7000000,0x00000000d7008000,0x00000000d7080000)
  to   space 512K, 0% used [0x00000000d6f80000,0x00000000d6f80000,0x00000000d7000000)
 ParOldGen       total 72192K, used 63150K [0x0000000080000000, 0x0000000084680000, 0x00000000d5580000)
  object space 72192K, 87% used [0x0000000080000000,0x0000000083dab988,0x0000000084680000)
 Metaspace       used 59033K, committed 60416K, reserved 1114112K
  class space    used 6984K, committed 7552K, reserved 1048576K
}
Event: 216.557 GC heap before
{Heap before GC invocations=42 (full 3):
 PSYoungGen      total 17920K, used 17440K [0x00000000d5580000, 0x00000000d7080000, 0x0000000100000000)
  eden space 17408K, 100% used [0x00000000d5580000,0x00000000d6680000,0x00000000d6680000)
  from space 512K, 6% used [0x00000000d7000000,0x00000000d7008000,0x00000000d7080000)
  to   space 512K, 0% used [0x00000000d6f80000,0x00000000d6f80000,0x00000000d7000000)
 ParOldGen       total 72192K, used 63150K [0x0000000080000000, 0x0000000084680000, 0x00000000d5580000)
  object space 72192K, 87% used [0x0000000080000000,0x0000000083dab988,0x0000000084680000)
 Metaspace       used 59033K, committed 60416K, reserved 1114112K
  class space    used 6984K, committed 7552K, reserved 1048576K
}
Event: 216.558 GC heap after
{Heap after GC invocations=42 (full 3):
 PSYoungGen      total 17920K, used 96K [0x00000000d5580000, 0x00000000d7080000, 0x0000000100000000)
  eden space 17408K, 0% used [0x00000000d5580000,0x00000000d5580000,0x00000000d6680000)
  from space 512K, 18% used [0x00000000d6f80000,0x00000000d6f98000,0x00000000d7000000)
  to   space 512K, 0% used [0x00000000d7000000,0x00000000d7000000,0x00000000d7080000)
 ParOldGen       total 72192K, used 63158K [0x0000000080000000, 0x0000000084680000, 0x00000000d5580000)
  object space 72192K, 87% used [0x0000000080000000,0x0000000083dad988,0x0000000084680000)
 Metaspace       used 59033K, committed 60416K, reserved 1114112K
  class space    used 6984K, committed 7552K, reserved 1048576K
}
Event: 216.855 GC heap before
{Heap before GC invocations=43 (full 3):
 PSYoungGen      total 17920K, used 17504K [0x00000000d5580000, 0x00000000d7080000, 0x0000000100000000)
  eden space 17408K, 100% used [0x00000000d5580000,0x00000000d6680000,0x00000000d6680000)
  from space 512K, 18% used [0x00000000d6f80000,0x00000000d6f98000,0x00000000d7000000)
  to   space 512K, 0% used [0x00000000d7000000,0x00000000d7000000,0x00000000d7080000)
 ParOldGen       total 72192K, used 63158K [0x0000000080000000, 0x0000000084680000, 0x00000000d5580000)
  object space 72192K, 87% used [0x0000000080000000,0x0000000083dad988,0x0000000084680000)
 Metaspace       used 59034K, committed 60416K, reserved 1114112K
  class space    used 6985K, committed 7552K, reserved 1048576K
}
Event: 216.855 GC heap after
{Heap after GC invocations=43 (full 3):
 PSYoungGen      total 17920K, used 96K [0x00000000d5580000, 0x00000000d7080000, 0x0000000100000000)
  eden space 17408K, 0% used [0x00000000d5580000,0x00000000d5580000,0x00000000d6680000)
  from space 512K, 18% used [0x00000000d7000000,0x00000000d7018000,0x00000000d7080000)
  to   space 512K, 0% used [0x00000000d6f80000,0x00000000d6f80000,0x00000000d7000000)
 ParOldGen       total 72192K, used 63158K [0x0000000080000000, 0x0000000084680000, 0x00000000d5580000)
  object space 72192K, 87% used [0x0000000080000000,0x0000000083dad988,0x0000000084680000)
 Metaspace       used 59034K, committed 60416K, reserved 1114112K
  class space    used 6985K, committed 7552K, reserved 1048576K
}
Event: 217.064 GC heap before
{Heap before GC invocations=44 (full 3):
 PSYoungGen      total 17920K, used 17504K [0x00000000d5580000, 0x00000000d7080000, 0x0000000100000000)
  eden space 17408K, 100% used [0x00000000d5580000,0x00000000d6680000,0x00000000d6680000)
  from space 512K, 18% used [0x00000000d7000000,0x00000000d7018000,0x00000000d7080000)
  to   space 512K, 0% used [0x00000000d6f80000,0x00000000d6f80000,0x00000000d7000000)
 ParOldGen       total 72192K, used 63158K [0x0000000080000000, 0x0000000084680000, 0x00000000d5580000)
  object space 72192K, 87% used [0x0000000080000000,0x0000000083dad988,0x0000000084680000)
 Metaspace       used 59034K, committed 60416K, reserved 1114112K
  class space    used 6985K, committed 7552K, reserved 1048576K
}
Event: 217.065 GC heap after
{Heap after GC invocations=44 (full 3):
 PSYoungGen      total 17920K, used 96K [0x00000000d5580000, 0x00000000d7080000, 0x0000000100000000)
  eden space 17408K, 0% used [0x00000000d5580000,0x00000000d5580000,0x00000000d6680000)
  from space 512K, 18% used [0x00000000d6f80000,0x00000000d6f98000,0x00000000d7000000)
  to   space 512K, 0% used [0x00000000d7000000,0x00000000d7000000,0x00000000d7080000)
 ParOldGen       total 72192K, used 63182K [0x0000000080000000, 0x0000000084680000, 0x00000000d5580000)
  object space 72192K, 87% used [0x0000000080000000,0x0000000083db3988,0x0000000084680000)
 Metaspace       used 59034K, committed 60416K, reserved 1114112K
  class space    used 6985K, committed 7552K, reserved 1048576K
}
Event: 217.217 GC heap before
{Heap before GC invocations=45 (full 3):
 PSYoungGen      total 17920K, used 17504K [0x00000000d5580000, 0x00000000d7080000, 0x0000000100000000)
  eden space 17408K, 100% used [0x00000000d5580000,0x00000000d6680000,0x00000000d6680000)
  from space 512K, 18% used [0x00000000d6f80000,0x00000000d6f98000,0x00000000d7000000)
  to   space 512K, 0% used [0x00000000d7000000,0x00000000d7000000,0x00000000d7080000)
 ParOldGen       total 72192K, used 63182K [0x0000000080000000, 0x0000000084680000, 0x00000000d5580000)
  object space 72192K, 87% used [0x0000000080000000,0x0000000083db3988,0x0000000084680000)
 Metaspace       used 59034K, committed 60416K, reserved 1114112K
  class space    used 6985K, committed 7552K, reserved 1048576K
}
Event: 217.218 GC heap after
{Heap after GC invocations=45 (full 3):
 PSYoungGen      total 17920K, used 96K [0x00000000d5580000, 0x00000000d7080000, 0x0000000100000000)
  eden space 17408K, 0% used [0x00000000d5580000,0x00000000d5580000,0x00000000d6680000)
  from space 512K, 18% used [0x00000000d7000000,0x00000000d7018000,0x00000000d7080000)
  to   space 512K, 0% used [0x00000000d6f80000,0x00000000d6f80000,0x00000000d7000000)
 ParOldGen       total 72192K, used 63190K [0x0000000080000000, 0x0000000084680000, 0x00000000d5580000)
  object space 72192K, 87% used [0x0000000080000000,0x0000000083db5988,0x0000000084680000)
 Metaspace       used 59034K, committed 60416K, reserved 1114112K
  class space    used 6985K, committed 7552K, reserved 1048576K
}
Event: 217.413 GC heap before
{Heap before GC invocations=46 (full 3):
 PSYoungGen      total 17920K, used 17504K [0x00000000d5580000, 0x00000000d7080000, 0x0000000100000000)
  eden space 17408K, 100% used [0x00000000d5580000,0x00000000d6680000,0x00000000d6680000)
  from space 512K, 18% used [0x00000000d7000000,0x00000000d7018000,0x00000000d7080000)
  to   space 512K, 0% used [0x00000000d6f80000,0x00000000d6f80000,0x00000000d7000000)
 ParOldGen       total 72192K, used 63190K [0x0000000080000000, 0x0000000084680000, 0x00000000d5580000)
  object space 72192K, 87% used [0x0000000080000000,0x0000000083db5988,0x0000000084680000)
 Metaspace       used 59034K, committed 60416K, reserved 1114112K
  class space    used 6985K, committed 7552K, reserved 1048576K
}
Event: 217.414 GC heap after
{Heap after GC invocations=46 (full 3):
 PSYoungGen      total 17920K, used 96K [0x00000000d5580000, 0x00000000d7080000, 0x0000000100000000)
  eden space 17408K, 0% used [0x00000000d5580000,0x00000000d5580000,0x00000000d6680000)
  from space 512K, 18% used [0x00000000d6f80000,0x00000000d6f98000,0x00000000d7000000)
  to   space 512K, 0% used [0x00000000d7000000,0x00000000d7000000,0x00000000d7080000)
 ParOldGen       total 72192K, used 63190K [0x0000000080000000, 0x0000000084680000, 0x00000000d5580000)
  object space 72192K, 87% used [0x0000000080000000,0x0000000083db5988,0x0000000084680000)
 Metaspace       used 59034K, committed 60416K, reserved 1114112K
  class space    used 6985K, committed 7552K, reserved 1048576K
}
Event: 217.873 GC heap before
{Heap before GC invocations=47 (full 3):
 PSYoungGen      total 17920K, used 17504K [0x00000000d5580000, 0x00000000d7080000, 0x0000000100000000)
  eden space 17408K, 100% used [0x00000000d5580000,0x00000000d6680000,0x00000000d6680000)
  from space 512K, 18% used [0x00000000d6f80000,0x00000000d6f98000,0x00000000d7000000)
  to   space 512K, 0% used [0x00000000d7000000,0x00000000d7000000,0x00000000d7080000)
 ParOldGen       total 72192K, used 63190K [0x0000000080000000, 0x0000000084680000, 0x00000000d5580000)
  object space 72192K, 87% used [0x0000000080000000,0x0000000083db5988,0x0000000084680000)
 Metaspace       used 59629K, committed 61056K, reserved 1114112K
  class space    used 7047K, committed 7680K, reserved 1048576K
}
Event: 217.878 GC heap after
{Heap after GC invocations=47 (full 3):
 PSYoungGen      total 17920K, used 504K [0x00000000d5580000, 0x00000000d7080000, 0x0000000100000000)
  eden space 17408K, 0% used [0x00000000d5580000,0x00000000d5580000,0x00000000d6680000)
  from space 512K, 98% used [0x00000000d7000000,0x00000000d707e1a8,0x00000000d7080000)
  to   space 4096K, 0% used [0x00000000d6880000,0x00000000d6880000,0x00000000d6c80000)
 ParOldGen       total 72192K, used 66042K [0x0000000080000000, 0x0000000084680000, 0x00000000d5580000)
  object space 72192K, 91% used [0x0000000080000000,0x000000008407ea58,0x0000000084680000)
 Metaspace       used 59629K, committed 61056K, reserved 1114112K
  class space    used 7047K, committed 7680K, reserved 1048576K
}
Event: 218.574 GC heap before
{Heap before GC invocations=48 (full 3):
 PSYoungGen      total 17920K, used 17912K [0x00000000d5580000, 0x00000000d7080000, 0x0000000100000000)
  eden space 17408K, 100% used [0x00000000d5580000,0x00000000d6680000,0x00000000d6680000)
  from space 512K, 98% used [0x00000000d7000000,0x00000000d707e1a8,0x00000000d7080000)
  to   space 4096K, 0% used [0x00000000d6880000,0x00000000d6880000,0x00000000d6c80000)
 ParOldGen       total 72192K, used 66042K [0x0000000080000000, 0x0000000084680000, 0x00000000d5580000)
  object space 72192K, 91% used [0x0000000080000000,0x000000008407ea58,0x0000000084680000)
 Metaspace       used 60808K, committed 62272K, reserved 1114112K
  class space    used 7153K, committed 7744K, reserved 1048576K
}
Event: 218.580 GC heap after
{Heap after GC invocations=48 (full 3):
 PSYoungGen      total 21504K, used 4096K [0x00000000d5580000, 0x00000000d7480000, 0x0000000100000000)
  eden space 17408K, 0% used [0x00000000d5580000,0x00000000d5580000,0x00000000d6680000)
  from space 4096K, 100% used [0x00000000d6880000,0x00000000d6c80000,0x00000000d6c80000)
  to   space 7168K, 0% used [0x00000000d6d80000,0x00000000d6d80000,0x00000000d7480000)
 ParOldGen       total 72192K, used 68385K [0x0000000080000000, 0x0000000084680000, 0x00000000d5580000)
  object space 72192K, 94% used [0x0000000080000000,0x00000000842c85e8,0x0000000084680000)
 Metaspace       used 60808K, committed 62272K, reserved 1114112K
  class space    used 7153K, committed 7744K, reserved 1048576K
}
Event: 218.919 GC heap before
{Heap before GC invocations=49 (full 3):
 PSYoungGen      total 21504K, used 21504K [0x00000000d5580000, 0x00000000d7480000, 0x0000000100000000)
  eden space 17408K, 100% used [0x00000000d5580000,0x00000000d6680000,0x00000000d6680000)
  from space 4096K, 100% used [0x00000000d6880000,0x00000000d6c80000,0x00000000d6c80000)
  to   space 7168K, 0% used [0x00000000d6d80000,0x00000000d6d80000,0x00000000d7480000)
 ParOldGen       total 72192K, used 68385K [0x0000000080000000, 0x0000000084680000, 0x00000000d5580000)
  object space 72192K, 94% used [0x0000000080000000,0x00000000842c85e8,0x0000000084680000)
 Metaspace       used 60817K, committed 62272K, reserved 1114112K
  class space    used 7153K, committed 7744K, reserved 1048576K
}
Event: 218.924 GC heap after
{Heap after GC invocations=49 (full 3):
 PSYoungGen      total 19456K, used 1920K [0x00000000d5580000, 0x00000000d6f80000, 0x0000000100000000)
  eden space 17408K, 0% used [0x00000000d5580000,0x00000000d5580000,0x00000000d6680000)
  from space 2048K, 93% used [0x00000000d6d80000,0x00000000d6f60010,0x00000000d6f80000)
  to   space 3584K, 0% used [0x00000000d6880000,0x00000000d6880000,0x00000000d6c00000)
 ParOldGen       total 72704K, used 72515K [0x0000000080000000, 0x0000000084700000, 0x00000000d5580000)
  object space 72704K, 99% used [0x0000000080000000,0x00000000846d0f88,0x0000000084700000)
 Metaspace       used 60817K, committed 62272K, reserved 1114112K
  class space    used 7153K, committed 7744K, reserved 1048576K
}
Event: 219.288 GC heap before
{Heap before GC invocations=50 (full 3):
 PSYoungGen      total 19456K, used 19328K [0x00000000d5580000, 0x00000000d6f80000, 0x0000000100000000)
  eden space 17408K, 100% used [0x00000000d5580000,0x00000000d6680000,0x00000000d6680000)
  from space 2048K, 93% used [0x00000000d6d80000,0x00000000d6f60010,0x00000000d6f80000)
  to   space 3584K, 0% used [0x00000000d6880000,0x00000000d6880000,0x00000000d6c00000)
 ParOldGen       total 72704K, used 72515K [0x0000000080000000, 0x0000000084700000, 0x00000000d5580000)
  object space 72704K, 99% used [0x0000000080000000,0x00000000846d0f88,0x0000000084700000)
 Metaspace       used 61209K, committed 62656K, reserved 1114112K
  class space    used 7212K, committed 7808K, reserved 1048576K
}
Event: 219.295 GC heap after
{Heap after GC invocations=50 (full 3):
 PSYoungGen      total 19968K, used 2065K [0x00000000d5580000, 0x00000000d6e00000, 0x0000000100000000)
  eden space 17408K, 0% used [0x00000000d5580000,0x00000000d5580000,0x00000000d6680000)
  from space 2560K, 80% used [0x00000000d6880000,0x00000000d6a84410,0x00000000d6b00000)
  to   space 2560K, 0% used [0x00000000d6b80000,0x00000000d6b80000,0x00000000d6e00000)
 ParOldGen       total 74752K, used 74395K [0x0000000080000000, 0x0000000084900000, 0x00000000d5580000)
  object space 74752K, 99% used [0x0000000080000000,0x00000000848a6f98,0x0000000084900000)
 Metaspace       used 61209K, committed 62656K, reserved 1114112K
  class space    used 7212K, committed 7808K, reserved 1048576K
}

