# JRE version: OpenJDK Runtime Environment Temurin-21.0.10+7 (21.0.10+7) (build 21.0.10+7-LTS)
# Java VM: OpenJDK 64-Bit Server VM Temurin-21.0.10+7 (21.0.10+7-LTS, mixed mode, sharing, tiered, compressed oops, compressed class ptrs, g1 gc, windows-amd64)
GC Precious Log:
 CardTable entry size: 512
 Card Set container configuration: InlinePtr #cards 5 size 8 Array Of Cards #cards 12 size 40 Howl #buckets 4 coarsen threshold 1843 Howl Bitmap #cards 512 size 80 coarsen threshold 460 Card regions per heap region 1 cards per card region 2048
 CPUs: 4 total, 4 available
 Memory: 8095M
 Large Page Support: Disabled
 NUMA Support: Disabled
 Compressed Oops: Enabled (32-bit)
 Heap Region Size: 1M
 Heap Min Capacity: 8M
 Heap Initial Capacity: 128M
 Heap Max Capacity: 2G
 Pre-touch: Disabled
 Parallel Workers: 4
 Concurrent Workers: 1
 Concurrent Refinement Workers: 4
 Periodic GC: Disabled
Heap:
 garbage-first heap   total 86016K, used 55677K [0x0000000080000000, 0x0000000100000000)
  region size 1024K, 32 young (32768K), 3 survivors (3072K)
 Metaspace       used 30927K, committed 32192K, reserved 491520K
  class space    used 4764K, committed 5376K, reserved 425984K
GC Heap History (12 events):
Event: 0.610 GC heap before
{Heap before GC invocations=0 (full 0):
 garbage-first heap   total 131072K, used 13312K [0x0000000080000000, 0x0000000100000000)
  region size 1024K, 13 young (13312K), 0 survivors (0K)
 Metaspace       used 826K, committed 960K, reserved 491520K
  class space    used 70K, committed 128K, reserved 425984K
}
Event: 0.615 GC heap after
{Heap after GC invocations=1 (full 0):
 garbage-first heap   total 131072K, used 1279K [0x0000000080000000, 0x0000000100000000)
  region size 1024K, 2 young (2048K), 2 survivors (2048K)
 Metaspace       used 826K, committed 960K, reserved 491520K
  class space    used 70K, committed 128K, reserved 425984K
}
Event: 1.705 GC heap before
{Heap before GC invocations=1 (full 0):
 garbage-first heap   total 131072K, used 23807K [0x0000000080000000, 0x0000000100000000)
  region size 1024K, 21 young (21504K), 2 survivors (2048K)
 Metaspace       used 3424K, committed 3648K, reserved 491520K
  class space    used 450K, committed 576K, reserved 425984K
}
Event: 1.712 GC heap after
{Heap after GC invocations=2 (full 0):
 garbage-first heap   total 131072K, used 11038K [0x0000000080000000, 0x0000000100000000)
  region size 1024K, 3 young (3072K), 3 survivors (3072K)
 Metaspace       used 3424K, committed 3648K, reserved 491520K
  class space    used 450K, committed 576K, reserved 425984K
}
Event: 4.224 GC heap before
{Heap before GC invocations=2 (full 0):
 garbage-first heap   total 131072K, used 86814K [0x0000000080000000, 0x0000000100000000)
  region size 1024K, 76 young (77824K), 3 survivors (3072K)
 Metaspace       used 8802K, committed 9152K, reserved 491520K
  class space    used 1197K, committed 1344K, reserved 425984K
}
Event: 4.238 GC heap after
{Heap after GC invocations=3 (full 0):
 garbage-first heap   total 131072K, used 19284K [0x0000000080000000, 0x0000000100000000)
  region size 1024K, 10 young (10240K), 10 survivors (10240K)
 Metaspace       used 8802K, committed 9152K, reserved 491520K
  class space    used 1197K, committed 1344K, reserved 425984K
}
Event: 7.304 GC heap before
{Heap before GC invocations=3 (full 0):
 garbage-first heap   total 131072K, used 85844K [0x0000000080000000, 0x0000000100000000)
  region size 1024K, 76 young (77824K), 10 survivors (10240K)
 Metaspace       used 19893K, committed 20544K, reserved 491520K
  class space    used 2912K, committed 3200K, reserved 425984K
}
Event: 7.324 GC heap after
{Heap after GC invocations=4 (full 0):
 garbage-first heap   total 131072K, used 24493K [0x0000000080000000, 0x0000000100000000)
  region size 1024K, 5 young (5120K), 5 survivors (5120K)
 Metaspace       used 19893K, committed 20544K, reserved 491520K
  class space    used 2912K, committed 3200K, reserved 425984K
}
Event: 7.646 GC heap before
{Heap before GC invocations=4 (full 0):
 garbage-first heap   total 131072K, used 32685K [0x0000000080000000, 0x0000000100000000)
  region size 1024K, 14 young (14336K), 5 survivors (5120K)
 Metaspace       used 20858K, committed 21504K, reserved 491520K
  class space    used 3081K, committed 3392K, reserved 425984K
}
Event: 7.656 GC heap after
{Heap after GC invocations=5 (full 0):
 garbage-first heap   total 131072K, used 24812K [0x0000000080000000, 0x0000000100000000)
  region size 1024K, 6 young (6144K), 6 survivors (6144K)
 Metaspace       used 20858K, committed 21504K, reserved 491520K
  class space    used 3081K, committed 3392K, reserved 425984K
}
Event: 9.008 GC heap before
{Heap before GC invocations=6 (full 0):
 garbage-first heap   total 86016K, used 69868K [0x0000000080000000, 0x0000000100000000)
  region size 1024K, 50 young (51200K), 6 survivors (6144K)
 Metaspace       used 26590K, committed 27648K, reserved 491520K
  class space    used 4056K, committed 4608K, reserved 425984K
}
Event: 9.022 GC heap after
{Heap after GC invocations=7 (full 0):
 garbage-first heap   total 86016K, used 27005K [0x0000000080000000, 0x0000000100000000)
  region size 1024K, 3 young (3072K), 3 survivors (3072K)
 Metaspace       used 26590K, committed 27648K, reserved 491520K
  class space    used 4056K, committed 4608K, reserved 425984K
}

