# JRE version: OpenJDK Runtime Environment Temurin-21.0.10+7 (21.0.10+7) (build 21.0.10+7-LTS)
# Java VM: OpenJDK 64-Bit Server VM Temurin-21.0.10+7 (21.0.10+7-LTS, mixed mode, sharing, tiered, compressed oops, compressed class ptrs, g1 gc, windows-amd64)
GC Precious Log:
 CardTable entry size: 512
 Card Set container configuration: InlinePtr #cards 5 size 8 Array Of Cards #cards 12 size 40 Howl #buckets 4 coarsen threshold 1843 Howl Bitmap #cards 512 size 80 coarsen threshold 460 Card regions per heap region 1 cards per card region 2048
 CPUs: 4 total, 4 available
 Memory: 8095M
 Large Page Support: Disabled
 NUMA Support: Disabled
 Compressed Oops: Enabled (32-bit)
 Heap Region Size: 1M
 Heap Min Capacity: 8M
 Heap Initial Capacity: 128M
 Heap Max Capacity: 2G
 Pre-touch: Disabled
 Parallel Workers: 4
 Concurrent Workers: 1
 Concurrent Refinement Workers: 4
 Periodic GC: Disabled
Heap:
 garbage-first heap   total 81920K, used 64330K [0x0000000080000000, 0x0000000100000000)
  region size 1024K, 32 young (32768K), 5 survivors (5120K)
 Metaspace       used 41544K, committed 42944K, reserved 491520K
  class space    used 5911K, committed 6592K, reserved 425984K
GC Heap History (18 events):
Event: 0.759 GC heap before
{Heap before GC invocations=0 (full 0):
 garbage-first heap   total 131072K, used 12288K [0x0000000080000000, 0x0000000100000000)
  region size 1024K, 13 young (13312K), 0 survivors (0K)
 Metaspace       used 829K, committed 960K, reserved 491520K
  class space    used 71K, committed 128K, reserved 425984K
}
Event: 0.774 GC heap after
{Heap after GC invocations=1 (full 0):
 garbage-first heap   total 131072K, used 1194K [0x0000000080000000, 0x0000000100000000)
  region size 1024K, 2 young (2048K), 2 survivors (2048K)
 Metaspace       used 829K, committed 960K, reserved 491520K
  class space    used 71K, committed 128K, reserved 425984K
}
Event: 1.850 GC heap before
{Heap before GC invocations=1 (full 0):
 garbage-first heap   total 131072K, used 28842K [0x0000000080000000, 0x0000000100000000)
  region size 1024K, 27 young (27648K), 2 survivors (2048K)
 Metaspace       used 3421K, committed 3648K, reserved 491520K
  class space    used 445K, committed 576K, reserved 425984K
}
Event: 1.856 GC heap after
{Heap after GC invocations=2 (full 0):
 garbage-first heap   total 131072K, used 10099K [0x0000000080000000, 0x0000000100000000)
  region size 1024K, 4 young (4096K), 4 survivors (4096K)
 Metaspace       used 3421K, committed 3648K, reserved 491520K
  class space    used 445K, committed 576K, reserved 425984K
}
Event: 3.597 GC heap before
{Heap before GC invocations=2 (full 0):
 garbage-first heap   total 131072K, used 85875K [0x0000000080000000, 0x0000000100000000)
  region size 1024K, 76 young (77824K), 4 survivors (4096K)
 Metaspace       used 6013K, committed 6208K, reserved 491520K
  class space    used 810K, committed 896K, reserved 425984K
}
Event: 3.610 GC heap after
{Heap after GC invocations=3 (full 0):
 garbage-first heap   total 131072K, used 17363K [0x0000000080000000, 0x0000000100000000)
  region size 1024K, 10 young (10240K), 10 survivors (10240K)
 Metaspace       used 6013K, committed 6208K, reserved 491520K
  class space    used 810K, committed 896K, reserved 425984K
}
Event: 6.630 GC heap before
{Heap before GC invocations=3 (full 0):
 garbage-first heap   total 131072K, used 84947K [0x0000000080000000, 0x0000000100000000)
  region size 1024K, 76 young (77824K), 10 survivors (10240K)
 Metaspace       used 18272K, committed 18816K, reserved 491520K
  class space    used 2644K, committed 2880K, reserved 425984K
}
Event: 6.649 GC heap after
{Heap after GC invocations=4 (full 0):
 garbage-first heap   total 131072K, used 22528K [0x0000000080000000, 0x0000000100000000)
  region size 1024K, 5 young (5120K), 5 survivors (5120K)
 Metaspace       used 18272K, committed 18816K, reserved 491520K
  class space    used 2644K, committed 2880K, reserved 425984K
}
Event: 7.370 GC heap before
{Heap before GC invocations=4 (full 0):
 garbage-first heap   total 131072K, used 44032K [0x0000000080000000, 0x0000000100000000)
  region size 1024K, 27 young (27648K), 5 survivors (5120K)
 Metaspace       used 20881K, committed 21504K, reserved 491520K
  class space    used 3090K, committed 3392K, reserved 425984K
}
Event: 7.379 GC heap after
{Heap after GC invocations=5 (full 0):
 garbage-first heap   total 131072K, used 23804K [0x0000000080000000, 0x0000000100000000)
  region size 1024K, 7 young (7168K), 7 survivors (7168K)
 Metaspace       used 20881K, committed 21504K, reserved 491520K
  class space    used 3090K, committed 3392K, reserved 425984K
}
Event: 8.878 GC heap before
{Heap before GC invocations=6 (full 0):
 garbage-first heap   total 81920K, used 65788K [0x0000000080000000, 0x0000000100000000)
  region size 1024K, 48 young (49152K), 7 survivors (7168K)
 Metaspace       used 26170K, committed 27136K, reserved 491520K
  class space    used 3923K, committed 4416K, reserved 425984K
}
Event: 8.891 GC heap after
{Heap after GC invocations=7 (full 0):
 garbage-first heap   total 81920K, used 25990K [0x0000000080000000, 0x0000000100000000)
  region size 1024K, 4 young (4096K), 4 survivors (4096K)
 Metaspace       used 26170K, committed 27136K, reserved 491520K
  class space    used 3923K, committed 4416K, reserved 425984K
}
Event: 10.036 GC heap before
{Heap before GC invocations=7 (full 0):
 garbage-first heap   total 81920K, used 68998K [0x0000000080000000, 0x0000000100000000)
  region size 1024K, 47 young (48128K), 4 survivors (4096K)
 Metaspace       used 32172K, committed 33152K, reserved 491520K
  class space    used 4590K, committed 5056K, reserved 425984K
}
Event: 10.051 GC heap after
{Heap after GC invocations=8 (full 0):
 garbage-first heap   total 81920K, used 31192K [0x0000000080000000, 0x0000000100000000)
  region size 1024K, 6 young (6144K), 6 survivors (6144K)
 Metaspace       used 32172K, committed 33152K, reserved 491520K
  class space    used 4590K, committed 5056K, reserved 425984K
}
Event: 10.967 GC heap before
{Heap before GC invocations=8 (full 0):
 garbage-first heap   total 81920K, used 59864K [0x0000000080000000, 0x0000000100000000)
  region size 1024K, 30 young (30720K), 6 survivors (6144K)
 Metaspace       used 35103K, committed 36096K, reserved 491520K
  class space    used 5022K, committed 5504K, reserved 425984K
}
Event: 10.981 GC heap after
{Heap after GC invocations=9 (full 0):
 garbage-first heap   total 81920K, used 36098K [0x0000000080000000, 0x0000000100000000)
  region size 1024K, 3 young (3072K), 3 survivors (3072K)
 Metaspace       used 35103K, committed 36096K, reserved 491520K
  class space    used 5022K, committed 5504K, reserved 425984K
}
Event: 12.068 GC heap before
{Heap before GC invocations=10 (full 0):
 garbage-first heap   total 81920K, used 69890K [0x0000000080000000, 0x0000000100000000)
  region size 1024K, 36 young (36864K), 3 survivors (3072K)
 Metaspace       used 39047K, committed 40448K, reserved 491520K
  class space    used 5626K, committed 6272K, reserved 425984K
}
Event: 12.076 GC heap after
{Heap after GC invocations=11 (full 0):
 garbage-first heap   total 81920K, used 36682K [0x0000000080000000, 0x0000000100000000)
  region size 1024K, 5 young (5120K), 5 survivors (5120K)
 Metaspace       used 39047K, committed 40448K, reserved 491520K
  class space    used 5626K, committed 6272K, reserved 425984K
}

