# JRE version: OpenJDK Runtime Environment Temurin-21.0.10+7 (21.0.10+7) (build 21.0.10+7-LTS)
# Java VM: OpenJDK 64-Bit Server VM Temurin-21.0.10+7 (21.0.10+7-LTS, mixed mode, sharing, tiered, compressed oops, compressed class ptrs, parallel gc, windows-amd64)
GC Precious Log:
 CardTable entry size: 512
 CPUs: 4 total, 4 available
 Memory: 8095M
 Large Page Support: Disabled
 NUMA Support: Disabled
 Compressed Oops: Enabled (32-bit)
 Alignments: Space 512K, Generation 512K, Heap 2M
 Heap Min Capacity: 100M
 Heap Initial Capacity: 100M
 Heap Max Capacity: 2G
 Pre-touch: Disabled
 Parallel Workers: 4
Heap:
 PSYoungGen      total 17408K, used 13185K [0x00000000d5580000, 0x00000000d7200000, 0x0000000100000000)
  eden space 16384K, 77% used [0x00000000d5580000,0x00000000d61d8740,0x00000000d6580000)
  from space 1024K, 53% used [0x00000000d7100000,0x00000000d7188000,0x00000000d7200000)
  to   space 1024K, 0% used [0x00000000d7000000,0x00000000d7000000,0x00000000d7100000)
 ParOldGen       total 69120K, used 68942K [0x0000000080000000, 0x0000000084380000, 0x00000000d5580000)
  object space 69120K, 99% used [0x0000000080000000,0x0000000084353818,0x0000000084380000)
 Metaspace       used 56836K, committed 58112K, reserved 1114112K
  class space    used 6393K, committed 6976K, reserved 1048576K
GC Heap History (20 events):
Event: 70.056 GC heap before
{Heap before GC invocations=27 (full 2):
 PSYoungGen      total 18432K, used 18427K [0x00000000d5580000, 0x00000000d7880000, 0x0000000100000000)
  eden space 16384K, 100% used [0x00000000d5580000,0x00000000d6580000,0x00000000d6580000)
  from space 2048K, 99% used [0x00000000d6c80000,0x00000000d6e7ee98,0x00000000d6e80000)
  to   space 7168K, 0% used [0x00000000d6580000,0x00000000d6580000,0x00000000d6c80000)
 ParOldGen       total 68608K, used 33658K [0x0000000080000000, 0x0000000084300000, 0x00000000d5580000)
  object space 68608K, 49% used [0x0000000080000000,0x00000000820de8d8,0x0000000084300000)
 Metaspace       used 51428K, committed 52608K, reserved 1114112K
  class space    used 5560K, committed 6080K, reserved 1048576K
}
Event: 70.070 GC heap after
{Heap after GC invocations=27 (full 2):
 PSYoungGen      total 23552K, used 7143K [0x00000000d5580000, 0x00000000d8c80000, 0x0000000100000000)
  eden space 16384K, 0% used [0x00000000d5580000,0x00000000d5580000,0x00000000d6580000)
  from space 7168K, 99% used [0x00000000d6580000,0x00000000d6c79dd8,0x00000000d6c80000)
  to   space 19968K, 0% used [0x00000000d7900000,0x00000000d7900000,0x00000000d8c80000)
 ParOldGen       total 68608K, used 44253K [0x0000000080000000, 0x0000000084300000, 0x00000000d5580000)
  object space 68608K, 64% used [0x0000000080000000,0x0000000082b377a0,0x0000000084300000)
 Metaspace       used 51428K, committed 52608K, reserved 1114112K
  class space    used 5560K, committed 6080K, reserved 1048576K
}
Event: 70.471 GC heap before
{Heap before GC invocations=28 (full 2):
 PSYoungGen      total 23552K, used 23527K [0x00000000d5580000, 0x00000000d8c80000, 0x0000000100000000)
  eden space 16384K, 100% used [0x00000000d5580000,0x00000000d6580000,0x00000000d6580000)
  from space 7168K, 99% used [0x00000000d6580000,0x00000000d6c79dd8,0x00000000d6c80000)
  to   space 19968K, 0% used [0x00000000d7900000,0x00000000d7900000,0x00000000d8c80000)
 ParOldGen       total 68608K, used 44253K [0x0000000080000000, 0x0000000084300000, 0x00000000d5580000)
  object space 68608K, 64% used [0x0000000080000000,0x0000000082b377a0,0x0000000084300000)
 Metaspace       used 51696K, committed 52800K, reserved 1114112K
  class space    used 5591K, committed 6080K, reserved 1048576K
}
Event: 70.487 GC heap after
{Heap after GC invocations=28 (full 2):
 PSYoungGen      total 25600K, used 8958K [0x00000000d5580000, 0x00000000d8200000, 0x0000000100000000)
  eden space 16384K, 0% used [0x00000000d5580000,0x00000000d5580000,0x00000000d6580000)
  from space 9216K, 97% used [0x00000000d7900000,0x00000000d81bf888,0x00000000d8200000)
  to   space 12288K, 0% used [0x00000000d6a00000,0x00000000d6a00000,0x00000000d7600000)
 ParOldGen       total 68608K, used 51448K [0x0000000080000000, 0x0000000084300000, 0x00000000d5580000)
  object space 68608K, 74% used [0x0000000080000000,0x000000008323e158,0x0000000084300000)
 Metaspace       used 51696K, committed 52800K, reserved 1114112K
  class space    used 5591K, committed 6080K, reserved 1048576K
}
Event: 71.455 GC heap before
{Heap before GC invocations=29 (full 2):
 PSYoungGen      total 25600K, used 25328K [0x00000000d5580000, 0x00000000d8200000, 0x0000000100000000)
  eden space 16384K, 99% used [0x00000000d5580000,0x00000000d657ca18,0x00000000d6580000)
  from space 9216K, 97% used [0x00000000d7900000,0x00000000d81bf888,0x00000000d8200000)
  to   space 12288K, 0% used [0x00000000d6a00000,0x00000000d6a00000,0x00000000d7600000)
 ParOldGen       total 68608K, used 51448K [0x0000000080000000, 0x0000000084300000, 0x00000000d5580000)
  object space 68608K, 74% used [0x0000000080000000,0x000000008323e158,0x0000000084300000)
 Metaspace       used 52299K, committed 53504K, reserved 1114112K
  class space    used 5666K, committed 6208K, reserved 1048576K
}
Event: 71.461 GC heap after
{Heap after GC invocations=29 (full 2):
 PSYoungGen      total 17408K, used 556K [0x00000000d5580000, 0x00000000d7980000, 0x0000000100000000)
  eden space 16384K, 0% used [0x00000000d5580000,0x00000000d5580000,0x00000000d6580000)
  from space 1024K, 54% used [0x00000000d6a00000,0x00000000d6a8b170,0x00000000d6b00000)
  to   space 4608K, 0% used [0x00000000d7500000,0x00000000d7500000,0x00000000d7980000)
 ParOldGen       total 68608K, used 58357K [0x0000000080000000, 0x0000000084300000, 0x00000000d5580000)
  object space 68608K, 85% used [0x0000000080000000,0x00000000838fd7f8,0x0000000084300000)
 Metaspace       used 52299K, committed 53504K, reserved 1114112K
  class space    used 5666K, committed 6208K, reserved 1048576K
}
Event: 74.145 GC heap before
{Heap before GC invocations=30 (full 2):
 PSYoungGen      total 17408K, used 16940K [0x00000000d5580000, 0x00000000d7980000, 0x0000000100000000)
  eden space 16384K, 100% used [0x00000000d5580000,0x00000000d6580000,0x00000000d6580000)
  from space 1024K, 54% used [0x00000000d6a00000,0x00000000d6a8b170,0x00000000d6b00000)
  to   space 4608K, 0% used [0x00000000d7500000,0x00000000d7500000,0x00000000d7980000)
 ParOldGen       total 68608K, used 58357K [0x0000000080000000, 0x0000000084300000, 0x00000000d5580000)
  object space 68608K, 85% used [0x0000000080000000,0x00000000838fd7f8,0x0000000084300000)
 Metaspace       used 52759K, committed 53952K, reserved 1114112K
  class space    used 5704K, committed 6208K, reserved 1048576K
}
Event: 74.146 GC heap after
{Heap after GC invocations=30 (full 2):
 PSYoungGen      total 16896K, used 160K [0x00000000d5580000, 0x00000000d7580000, 0x0000000100000000)
  eden space 16384K, 0% used [0x00000000d5580000,0x00000000d5580000,0x00000000d6580000)
  from space 512K, 31% used [0x00000000d7500000,0x00000000d7528000,0x00000000d7580000)
  to   space 1024K, 0% used [0x00000000d7380000,0x00000000d7380000,0x00000000d7480000)
 ParOldGen       total 68608K, used 58761K [0x0000000080000000, 0x0000000084300000, 0x00000000d5580000)
  object space 68608K, 85% used [0x0000000080000000,0x0000000083962488,0x0000000084300000)
 Metaspace       used 52759K, committed 53952K, reserved 1114112K
  class space    used 5704K, committed 6208K, reserved 1048576K
}
Event: 75.484 GC heap before
{Heap before GC invocations=31 (full 2):
 PSYoungGen      total 16896K, used 16544K [0x00000000d5580000, 0x00000000d7580000, 0x0000000100000000)
  eden space 16384K, 100% used [0x00000000d5580000,0x00000000d6580000,0x00000000d6580000)
  from space 512K, 31% used [0x00000000d7500000,0x00000000d7528000,0x00000000d7580000)
  to   space 1024K, 0% used [0x00000000d7380000,0x00000000d7380000,0x00000000d7480000)
 ParOldGen       total 68608K, used 58761K [0x0000000080000000, 0x0000000084300000, 0x00000000d5580000)
  object space 68608K, 85% used [0x0000000080000000,0x0000000083962488,0x0000000084300000)
 Metaspace       used 54202K, committed 55488K, reserved 1114112K
  class space    used 5954K, committed 6528K, reserved 1048576K
}
Event: 75.491 GC heap after
{Heap after GC invocations=31 (full 2):
 PSYoungGen      total 17408K, used 384K [0x00000000d5580000, 0x00000000d7580000, 0x0000000100000000)
  eden space 16384K, 0% used [0x00000000d5580000,0x00000000d5580000,0x00000000d6580000)
  from space 1024K, 37% used [0x00000000d7380000,0x00000000d73e0000,0x00000000d7480000)
  to   space 512K, 0% used [0x00000000d7500000,0x00000000d7500000,0x00000000d7580000)
 ParOldGen       total 68608K, used 58849K [0x0000000080000000, 0x0000000084300000, 0x00000000d5580000)
  object space 68608K, 85% used [0x0000000080000000,0x0000000083978488,0x0000000084300000)
 Metaspace       used 54202K, committed 55488K, reserved 1114112K
  class space    used 5954K, committed 6528K, reserved 1048576K
}
Event: 108.324 GC heap before
{Heap before GC invocations=32 (full 2):
 PSYoungGen      total 17408K, used 16525K [0x00000000d5580000, 0x00000000d7580000, 0x0000000100000000)
  eden space 16384K, 98% used [0x00000000d5580000,0x00000000d65435e8,0x00000000d6580000)
  from space 1024K, 37% used [0x00000000d7380000,0x00000000d73e0000,0x00000000d7480000)
  to   space 512K, 0% used [0x00000000d7500000,0x00000000d7500000,0x00000000d7580000)
 ParOldGen       total 68608K, used 58849K [0x0000000080000000, 0x0000000084300000, 0x00000000d5580000)
  object space 68608K, 85% used [0x0000000080000000,0x0000000083978488,0x0000000084300000)
 Metaspace       used 54665K, committed 55936K, reserved 1114112K
  class space    used 6018K, committed 6592K, reserved 1048576K
}
Event: 108.331 GC heap after
{Heap after GC invocations=32 (full 2):
 PSYoungGen      total 16896K, used 510K [0x00000000d5580000, 0x00000000d7780000, 0x0000000100000000)
  eden space 16384K, 0% used [0x00000000d5580000,0x00000000d5580000,0x00000000d6580000)
  from space 512K, 99% used [0x00000000d7500000,0x00000000d757fac0,0x00000000d7580000)
  to   space 9216K, 0% used [0x00000000d6580000,0x00000000d6580000,0x00000000d6e80000)
 ParOldGen       total 68608K, used 66147K [0x0000000080000000, 0x0000000084300000, 0x00000000d5580000)
  object space 68608K, 96% used [0x0000000080000000,0x0000000084098e38,0x0000000084300000)
 Metaspace       used 54665K, committed 55936K, reserved 1114112K
  class space    used 6018K, committed 6592K, reserved 1048576K
}
Event: 113.731 GC heap before
{Heap before GC invocations=33 (full 2):
 PSYoungGen      total 16896K, used 16894K [0x00000000d5580000, 0x00000000d7780000, 0x0000000100000000)
  eden space 16384K, 100% used [0x00000000d5580000,0x00000000d6580000,0x00000000d6580000)
  from space 512K, 99% used [0x00000000d7500000,0x00000000d757fac0,0x00000000d7580000)
  to   space 9216K, 0% used [0x00000000d6580000,0x00000000d6580000,0x00000000d6e80000)
 ParOldGen       total 68608K, used 66147K [0x0000000080000000, 0x0000000084300000, 0x00000000d5580000)
  object space 68608K, 96% used [0x0000000080000000,0x0000000084098e38,0x0000000084300000)
 Metaspace       used 56037K, committed 57344K, reserved 1114112K
  class space    used 6273K, committed 6848K, reserved 1048576K
}
Event: 113.735 GC heap after
{Heap after GC invocations=33 (full 2):
 PSYoungGen      total 25600K, used 1439K [0x00000000d5580000, 0x00000000d7580000, 0x0000000100000000)
  eden space 16384K, 0% used [0x00000000d5580000,0x00000000d5580000,0x00000000d6580000)
  from space 9216K, 15% used [0x00000000d6580000,0x00000000d66e7da0,0x00000000d6e80000)
  to   space 4096K, 0% used [0x00000000d7180000,0x00000000d7180000,0x00000000d7580000)
 ParOldGen       total 68608K, used 66674K [0x0000000080000000, 0x0000000084300000, 0x00000000d5580000)
  object space 68608K, 97% used [0x0000000080000000,0x000000008411cba8,0x0000000084300000)
 Metaspace       used 56037K, committed 57344K, reserved 1114112K
  class space    used 6273K, committed 6848K, reserved 1048576K
}
Event: 115.072 GC heap before
{Heap before GC invocations=34 (full 2):
 PSYoungGen      total 25600K, used 17823K [0x00000000d5580000, 0x00000000d7580000, 0x0000000100000000)
  eden space 16384K, 100% used [0x00000000d5580000,0x00000000d6580000,0x00000000d6580000)
  from space 9216K, 15% used [0x00000000d6580000,0x00000000d66e7da0,0x00000000d6e80000)
  to   space 4096K, 0% used [0x00000000d7180000,0x00000000d7180000,0x00000000d7580000)
 ParOldGen       total 68608K, used 66674K [0x0000000080000000, 0x0000000084300000, 0x00000000d5580000)
  object space 68608K, 97% used [0x0000000080000000,0x000000008411cba8,0x0000000084300000)
 Metaspace       used 56809K, committed 58048K, reserved 1114112K
  class space    used 6393K, committed 6976K, reserved 1048576K
}
Event: 115.075 GC heap after
{Heap after GC invocations=34 (full 2):
 PSYoungGen      total 17408K, used 576K [0x00000000d5580000, 0x00000000d7280000, 0x0000000100000000)
  eden space 16384K, 0% used [0x00000000d5580000,0x00000000d5580000,0x00000000d6580000)
  from space 1024K, 56% used [0x00000000d7180000,0x00000000d7210000,0x00000000d7280000)
  to   space 1536K, 0% used [0x00000000d6f80000,0x00000000d6f80000,0x00000000d7100000)
 ParOldGen       total 68608K, used 68021K [0x0000000080000000, 0x0000000084300000, 0x00000000d5580000)
  object space 68608K, 99% used [0x0000000080000000,0x000000008426d478,0x0000000084300000)
 Metaspace       used 56809K, committed 58048K, reserved 1114112K
  class space    used 6393K, committed 6976K, reserved 1048576K
}
Event: 118.104 GC heap before
{Heap before GC invocations=35 (full 2):
 PSYoungGen      total 17408K, used 16960K [0x00000000d5580000, 0x00000000d7280000, 0x0000000100000000)
  eden space 16384K, 100% used [0x00000000d5580000,0x00000000d6580000,0x00000000d6580000)
  from space 1024K, 56% used [0x00000000d7180000,0x00000000d7210000,0x00000000d7280000)
  to   space 1536K, 0% used [0x00000000d6f80000,0x00000000d6f80000,0x00000000d7100000)
 ParOldGen       total 68608K, used 68021K [0x0000000080000000, 0x0000000084300000, 0x00000000d5580000)
  object space 68608K, 99% used [0x0000000080000000,0x000000008426d478,0x0000000084300000)
 Metaspace       used 56834K, committed 58112K, reserved 1114112K
  class space    used 6393K, committed 6976K, reserved 1048576K
}
Event: 118.105 GC heap after
{Heap after GC invocations=35 (full 2):
 PSYoungGen      total 17920K, used 416K [0x00000000d5580000, 0x00000000d7200000, 0x0000000100000000)
  eden space 16384K, 0% used [0x00000000d5580000,0x00000000d5580000,0x00000000d6580000)
  from space 1536K, 27% used [0x00000000d6f80000,0x00000000d6fe8000,0x00000000d7100000)
  to   space 1024K, 0% used [0x00000000d7100000,0x00000000d7100000,0x00000000d7200000)
 ParOldGen       total 68608K, used 68574K [0x0000000080000000, 0x0000000084300000, 0x00000000d5580000)
  object space 68608K, 99% used [0x0000000080000000,0x00000000842f7818,0x0000000084300000)
 Metaspace       used 56834K, committed 58112K, reserved 1114112K
  class space    used 6393K, committed 6976K, reserved 1048576K
}
Event: 125.908 GC heap before
{Heap before GC invocations=36 (full 2):
 PSYoungGen      total 17920K, used 16800K [0x00000000d5580000, 0x00000000d7200000, 0x0000000100000000)
  eden space 16384K, 100% used [0x00000000d5580000,0x00000000d6580000,0x00000000d6580000)
  from space 1536K, 27% used [0x00000000d6f80000,0x00000000d6fe8000,0x00000000d7100000)
  to   space 1024K, 0% used [0x00000000d7100000,0x00000000d7100000,0x00000000d7200000)
 ParOldGen       total 68608K, used 68574K [0x0000000080000000, 0x0000000084300000, 0x00000000d5580000)
  object space 68608K, 99% used [0x0000000080000000,0x00000000842f7818,0x0000000084300000)
 Metaspace       used 56834K, committed 58112K, reserved 1114112K
  class space    used 6393K, committed 6976K, reserved 1048576K
}
Event: 125.909 GC heap after
{Heap after GC invocations=36 (full 2):
 PSYoungGen      total 17408K, used 544K [0x00000000d5580000, 0x00000000d7200000, 0x0000000100000000)
  eden space 16384K, 0% used [0x00000000d5580000,0x00000000d5580000,0x00000000d6580000)
  from space 1024K, 53% used [0x00000000d7100000,0x00000000d7188000,0x00000000d7200000)
  to   space 1024K, 0% used [0x00000000d7000000,0x00000000d7000000,0x00000000d7100000)
 ParOldGen       total 69120K, used 68942K [0x0000000080000000, 0x0000000084380000, 0x00000000d5580000)
  object space 69120K, 99% used [0x0000000080000000,0x0000000084353818,0x0000000084380000)
 Metaspace       used 56834K, committed 58112K, reserved 1114112K
  class space    used 6393K, committed 6976K, reserved 1048576K
}

