# JRE version: OpenJDK Runtime Environment Microsoft-8902769 (17.0.10+7) (build 17.0.10+7-LTS)
# Java VM: OpenJDK 64-Bit Server VM Microsoft-8902769 (17.0.10+7-LTS, mixed mode, sharing, tiered, compressed oops, compressed class ptrs, g1 gc, windows-amd64)
GC Precious Log:
 CPUs: 4 total, 4 available
 Memory: 8095M
 Large Page Support: Disabled
 NUMA Support: Disabled
 Compressed Oops: Enabled (32-bit)
 Heap Region Size: 1M
 Heap Min Capacity: 8M
 Heap Initial Capacity: 128M
 Heap Max Capacity: 1536M
 Pre-touch: Disabled
 Parallel Workers: 4
 Concurrent Workers: 1
 Concurrent Refinement Workers: 4
 Periodic GC: Disabled
Heap:
 garbage-first heap   total 86016K, used 57962K [0x00000000a0000000, 0x0000000100000000)
  region size 1024K, 23 young (23552K), 5 survivors (5120K)
 Metaspace       used 52501K, committed 53120K, reserved 278528K
  class space    used 7403K, committed 7680K, reserved 212992K
GC Heap History (20 events):
Event: 35.549 GC heap before
{Heap before GC invocations=4 (full 0):
 garbage-first heap   total 131072K, used 62875K [0x00000000a0000000, 0x0000000100000000)
  region size 1024K, 47 young (48128K), 6 survivors (6144K)
 Metaspace       used 21126K, committed 21504K, reserved 278528K
  class space    used 3057K, committed 3200K, reserved 212992K
}
Event: 35.562 GC heap after
{Heap after GC invocations=5 (full 0):
 garbage-first heap   total 131072K, used 24508K [0x00000000a0000000, 0x0000000100000000)
  region size 1024K, 8 young (8192K), 8 survivors (8192K)
 Metaspace       used 21126K, committed 21504K, reserved 278528K
  class space    used 3057K, committed 3200K, reserved 212992K
}
Event: 40.396 GC heap before
{Heap before GC invocations=6 (full 0):
 garbage-first heap   total 86016K, used 67516K [0x00000000a0000000, 0x0000000100000000)
  region size 1024K, 50 young (51200K), 8 survivors (8192K)
 Metaspace       used 28236K, committed 28608K, reserved 278528K
  class space    used 3967K, committed 4160K, reserved 212992K
}
Event: 40.414 GC heap after
{Heap after GC invocations=7 (full 0):
 garbage-first heap   total 86016K, used 27430K [0x00000000a0000000, 0x0000000100000000)
  region size 1024K, 6 young (6144K), 6 survivors (6144K)
 Metaspace       used 28236K, committed 28608K, reserved 278528K
  class space    used 3967K, committed 4160K, reserved 212992K
}
Event: 40.537 GC heap before
{Heap before GC invocations=7 (full 0):
 garbage-first heap   total 86016K, used 28454K [0x00000000a0000000, 0x0000000100000000)
  region size 1024K, 7 young (7168K), 6 survivors (6144K)
 Metaspace       used 28427K, committed 28800K, reserved 278528K
  class space    used 3996K, committed 4160K, reserved 212992K
}
Event: 40.548 GC heap after
{Heap after GC invocations=8 (full 0):
 garbage-first heap   total 86016K, used 28009K [0x00000000a0000000, 0x0000000100000000)
  region size 1024K, 1 young (1024K), 1 survivors (1024K)
 Metaspace       used 28427K, committed 28800K, reserved 278528K
  class space    used 3996K, committed 4160K, reserved 212992K
}
Event: 42.938 GC heap before
{Heap before GC invocations=8 (full 0):
 garbage-first heap   total 86016K, used 64873K [0x00000000a0000000, 0x0000000100000000)
  region size 1024K, 38 young (38912K), 1 survivors (1024K)
 Metaspace       used 31813K, committed 32192K, reserved 278528K
  class space    used 4461K, committed 4608K, reserved 212992K
}
Event: 42.945 GC heap after
{Heap after GC invocations=9 (full 0):
 garbage-first heap   total 86016K, used 30529K [0x00000000a0000000, 0x0000000100000000)
  region size 1024K, 4 young (4096K), 4 survivors (4096K)
 Metaspace       used 31813K, committed 32192K, reserved 278528K
  class space    used 4461K, committed 4608K, reserved 212992K
}
Event: 45.875 GC heap before
{Heap before GC invocations=9 (full 0):
 garbage-first heap   total 86016K, used 66369K [0x00000000a0000000, 0x0000000100000000)
  region size 1024K, 35 young (35840K), 4 survivors (4096K)
 Metaspace       used 35482K, committed 35968K, reserved 278528K
  class space    used 4907K, committed 5120K, reserved 212992K
}
Event: 45.882 GC heap after
{Heap after GC invocations=10 (full 0):
 garbage-first heap   total 86016K, used 31832K [0x00000000a0000000, 0x0000000100000000)
  region size 1024K, 3 young (3072K), 3 survivors (3072K)
 Metaspace       used 35482K, committed 35968K, reserved 278528K
  class space    used 4907K, committed 5120K, reserved 212992K
}
Event: 48.960 GC heap before
{Heap before GC invocations=11 (full 0):
 garbage-first heap   total 86016K, used 68696K [0x00000000a0000000, 0x0000000100000000)
  region size 1024K, 37 young (37888K), 3 survivors (3072K)
 Metaspace       used 38545K, committed 39040K, reserved 278528K
  class space    used 5270K, committed 5504K, reserved 212992K
}
Event: 48.965 GC heap after
{Heap after GC invocations=12 (full 0):
 garbage-first heap   total 86016K, used 32724K [0x00000000a0000000, 0x0000000100000000)
  region size 1024K, 3 young (3072K), 3 survivors (3072K)
 Metaspace       used 38545K, committed 39040K, reserved 278528K
  class space    used 5270K, committed 5504K, reserved 212992K
}
Event: 51.606 GC heap before
{Heap before GC invocations=12 (full 0):
 garbage-first heap   total 86016K, used 68564K [0x00000000a0000000, 0x0000000100000000)
  region size 1024K, 38 young (38912K), 3 survivors (3072K)
 Metaspace       used 40675K, committed 41216K, reserved 278528K
  class space    used 5610K, committed 5888K, reserved 212992K
}
Event: 51.614 GC heap after
{Heap after GC invocations=13 (full 0):
 garbage-first heap   total 86016K, used 34482K [0x00000000a0000000, 0x0000000100000000)
  region size 1024K, 3 young (3072K), 3 survivors (3072K)
 Metaspace       used 40675K, committed 41216K, reserved 278528K
  class space    used 5610K, committed 5888K, reserved 212992K
}
Event: 55.003 GC heap before
{Heap before GC invocations=13 (full 0):
 garbage-first heap   total 86016K, used 69298K [0x00000000a0000000, 0x0000000100000000)
  region size 1024K, 37 young (37888K), 3 survivors (3072K)
 Metaspace       used 43943K, committed 44544K, reserved 278528K
  class space    used 6136K, committed 6400K, reserved 212992K
}
Event: 55.009 GC heap after
{Heap after GC invocations=14 (full 0):
 garbage-first heap   total 86016K, used 36059K [0x00000000a0000000, 0x0000000100000000)
  region size 1024K, 4 young (4096K), 4 survivors (4096K)
 Metaspace       used 43943K, committed 44544K, reserved 278528K
  class space    used 6136K, committed 6400K, reserved 212992K
}
Event: 56.736 GC heap before
{Heap before GC invocations=14 (full 0):
 garbage-first heap   total 86016K, used 68827K [0x00000000a0000000, 0x0000000100000000)
  region size 1024K, 36 young (36864K), 4 survivors (4096K)
 Metaspace       used 47409K, committed 48000K, reserved 278528K
  class space    used 6614K, committed 6912K, reserved 212992K
}
Event: 56.743 GC heap after
{Heap after GC invocations=15 (full 0):
 garbage-first heap   total 86016K, used 37995K [0x00000000a0000000, 0x0000000100000000)
  region size 1024K, 4 young (4096K), 4 survivors (4096K)
 Metaspace       used 47409K, committed 48000K, reserved 278528K
  class space    used 6614K, committed 6912K, reserved 212992K
}
Event: 58.537 GC heap before
{Heap before GC invocations=15 (full 0):
 garbage-first heap   total 86016K, used 68715K [0x00000000a0000000, 0x0000000100000000)
  region size 1024K, 34 young (34816K), 4 survivors (4096K)
 Metaspace       used 50866K, committed 51456K, reserved 278528K
  class space    used 7129K, committed 7424K, reserved 212992K
}
Event: 58.545 GC heap after
{Heap after GC invocations=16 (full 0):
 garbage-first heap   total 86016K, used 40554K [0x00000000a0000000, 0x0000000100000000)
  region size 1024K, 5 young (5120K), 5 survivors (5120K)
 Metaspace       used 50866K, committed 51456K, reserved 278528K
  class space    used 7129K, committed 7424K, reserved 212992K
}

