# JRE version: OpenJDK Runtime Environment Microsoft-8902769 (17.0.10+7) (build 17.0.10+7-LTS)
# Java VM: OpenJDK 64-Bit Server VM Microsoft-8902769 (17.0.10+7-LTS, mixed mode, sharing, tiered, compressed oops, compressed class ptrs, g1 gc, windows-amd64)
GC Precious Log:
 CPUs: 4 total, 4 available
 Memory: 8095M
 Large Page Support: Disabled
 NUMA Support: Disabled
 Compressed Oops: Enabled (32-bit)
 Heap Region Size: 1M
 Heap Min Capacity: 8M
 Heap Initial Capacity: 128M
 Heap Max Capacity: 1536M
 Pre-touch: Disabled
 Parallel Workers: 4
 Concurrent Workers: 1
 Concurrent Refinement Workers: 4
 Periodic GC: Disabled
Heap:
 garbage-first heap   total 387072K, used 316445K [0x00000000a0000000, 0x0000000100000000)
  region size 1024K, 72 young (73728K), 10 survivors (10240K)
 Metaspace       used 114030K, committed 115584K, reserved 344064K
  class space    used 15966K, committed 16704K, reserved 212992K
GC Heap History (20 events):
Event: 113.813 GC heap before
{Heap before GC invocations=88 (full 0):
 garbage-first heap   total 336896K, used 208207K [0x00000000a0000000, 0x0000000100000000)
  region size 1024K, 16 young (16384K), 2 survivors (2048K)
 Metaspace       used 103939K, committed 105216K, reserved 344064K
  class space    used 14536K, committed 15104K, reserved 212992K
}
Event: 113.818 GC heap after
{Heap after GC invocations=89 (full 0):
 garbage-first heap   total 336896K, used 196053K [0x00000000a0000000, 0x0000000100000000)
  region size 1024K, 2 young (2048K), 2 survivors (2048K)
 Metaspace       used 103939K, committed 105216K, reserved 344064K
  class space    used 14536K, committed 15104K, reserved 212992K
}
Event: 114.361 GC heap before
{Heap before GC invocations=89 (full 0):
 garbage-first heap   total 336896K, used 213461K [0x00000000a0000000, 0x0000000100000000)
  region size 1024K, 16 young (16384K), 2 survivors (2048K)
 Metaspace       used 104003K, committed 105344K, reserved 344064K
  class space    used 14546K, committed 15168K, reserved 212992K
}
Event: 114.382 GC heap after
{Heap after GC invocations=90 (full 0):
 garbage-first heap   total 336896K, used 183663K [0x00000000a0000000, 0x0000000100000000)
  region size 1024K, 2 young (2048K), 2 survivors (2048K)
 Metaspace       used 104003K, committed 105344K, reserved 344064K
  class space    used 14546K, committed 15168K, reserved 212992K
}
Event: 118.628 GC heap before
{Heap before GC invocations=90 (full 0):
 garbage-first heap   total 336896K, used 259439K [0x00000000a0000000, 0x0000000100000000)
  region size 1024K, 76 young (77824K), 2 survivors (2048K)
 Metaspace       used 106045K, committed 107456K, reserved 344064K
  class space    used 14796K, committed 15424K, reserved 212992K
}
Event: 118.653 GC heap after
{Heap after GC invocations=91 (full 0):
 garbage-first heap   total 387072K, used 198306K [0x00000000a0000000, 0x0000000100000000)
  region size 1024K, 10 young (10240K), 10 survivors (10240K)
 Metaspace       used 106045K, committed 107456K, reserved 344064K
  class space    used 14796K, committed 15424K, reserved 212992K
}
Event: 121.348 GC heap before
{Heap before GC invocations=91 (full 0):
 garbage-first heap   total 387072K, used 295586K [0x00000000a0000000, 0x0000000100000000)
  region size 1024K, 104 young (106496K), 10 survivors (10240K)
 Metaspace       used 106339K, committed 107776K, reserved 344064K
  class space    used 14838K, committed 15488K, reserved 212992K
}
Event: 121.374 GC heap after
{Heap after GC invocations=92 (full 0):
 garbage-first heap   total 387072K, used 210220K [0x00000000a0000000, 0x0000000100000000)
  region size 1024K, 10 young (10240K), 10 survivors (10240K)
 Metaspace       used 106339K, committed 107776K, reserved 344064K
  class space    used 14838K, committed 15488K, reserved 212992K
}
Event: 123.972 GC heap before
{Heap before GC invocations=92 (full 0):
 garbage-first heap   total 387072K, used 300332K [0x00000000a0000000, 0x0000000100000000)
  region size 1024K, 99 young (101376K), 10 survivors (10240K)
 Metaspace       used 106396K, committed 107840K, reserved 344064K
  class space    used 14845K, committed 15488K, reserved 212992K
}
Event: 123.988 GC heap after
{Heap after GC invocations=93 (full 0):
 garbage-first heap   total 387072K, used 213666K [0x00000000a0000000, 0x0000000100000000)
  region size 1024K, 6 young (6144K), 6 survivors (6144K)
 Metaspace       used 106396K, committed 107840K, reserved 344064K
  class space    used 14845K, committed 15488K, reserved 212992K
}
Event: 126.335 GC heap before
{Heap before GC invocations=93 (full 0):
 garbage-first heap   total 387072K, used 307874K [0x00000000a0000000, 0x0000000100000000)
  region size 1024K, 98 young (100352K), 6 survivors (6144K)
 Metaspace       used 106541K, committed 108096K, reserved 344064K
  class space    used 14863K, committed 15552K, reserved 212992K
}
Event: 126.351 GC heap after
{Heap after GC invocations=94 (full 0):
 garbage-first heap   total 387072K, used 221858K [0x00000000a0000000, 0x0000000100000000)
  region size 1024K, 13 young (13312K), 13 survivors (13312K)
 Metaspace       used 106541K, committed 108096K, reserved 344064K
  class space    used 14863K, committed 15552K, reserved 212992K
}
Event: 128.225 GC heap before
{Heap before GC invocations=94 (full 0):
 garbage-first heap   total 387072K, used 310946K [0x00000000a0000000, 0x0000000100000000)
  region size 1024K, 100 young (102400K), 13 survivors (13312K)
 Metaspace       used 106541K, committed 108096K, reserved 344064K
  class space    used 14863K, committed 15552K, reserved 212992K
}
Event: 128.241 GC heap after
{Heap after GC invocations=95 (full 0):
 garbage-first heap   total 387072K, used 224052K [0x00000000a0000000, 0x0000000100000000)
  region size 1024K, 5 young (5120K), 5 survivors (5120K)
 Metaspace       used 106541K, committed 108096K, reserved 344064K
  class space    used 14863K, committed 15552K, reserved 212992K
}
Event: 131.297 GC heap before
{Heap before GC invocations=95 (full 0):
 garbage-first heap   total 387072K, used 319284K [0x00000000a0000000, 0x0000000100000000)
  region size 1024K, 94 young (96256K), 5 survivors (5120K)
 Metaspace       used 108738K, committed 110336K, reserved 344064K
  class space    used 15199K, committed 15936K, reserved 212992K
}
Event: 131.315 GC heap after
{Heap after GC invocations=96 (full 0):
 garbage-first heap   total 387072K, used 237553K [0x00000000a0000000, 0x0000000100000000)
  region size 1024K, 12 young (12288K), 12 survivors (12288K)
 Metaspace       used 108738K, committed 110336K, reserved 344064K
  class space    used 15199K, committed 15936K, reserved 212992K
}
Event: 133.215 GC heap before
{Heap before GC invocations=96 (full 0):
 garbage-first heap   total 387072K, used 315377K [0x00000000a0000000, 0x0000000100000000)
  region size 1024K, 88 young (90112K), 12 survivors (12288K)
 Metaspace       used 112190K, committed 113728K, reserved 344064K
  class space    used 15732K, committed 16448K, reserved 212992K
}
Event: 133.249 GC heap after
{Heap after GC invocations=97 (full 0):
 garbage-first heap   total 387072K, used 243718K [0x00000000a0000000, 0x0000000100000000)
  region size 1024K, 5 young (5120K), 5 survivors (5120K)
 Metaspace       used 112190K, committed 113728K, reserved 344064K
  class space    used 15732K, committed 16448K, reserved 212992K
}
Event: 135.086 GC heap before
{Heap before GC invocations=97 (full 0):
 garbage-first heap   total 387072K, used 319494K [0x00000000a0000000, 0x0000000100000000)
  region size 1024K, 79 young (80896K), 5 survivors (5120K)
 Metaspace       used 113933K, committed 115520K, reserved 344064K
  class space    used 15956K, committed 16704K, reserved 212992K
}
Event: 135.109 GC heap after
{Heap after GC invocations=98 (full 0):
 garbage-first heap   total 387072K, used 253981K [0x00000000a0000000, 0x0000000100000000)
  region size 1024K, 10 young (10240K), 10 survivors (10240K)
 Metaspace       used 113933K, committed 115520K, reserved 344064K
  class space    used 15956K, committed 16704K, reserved 212992K
}

