# JRE version: OpenJDK Runtime Environment Microsoft-8902769 (17.0.10+7) (build 17.0.10+7-LTS)
# Java VM: OpenJDK 64-Bit Server VM Microsoft-8902769 (17.0.10+7-LTS, mixed mode, sharing, tiered, compressed oops, compressed class ptrs, g1 gc, windows-amd64)
GC Precious Log:
 CPUs: 4 total, 4 available
 Memory: 8095M
 Large Page Support: Disabled
 NUMA Support: Disabled
 Compressed Oops: Enabled (32-bit)
 Heap Region Size: 1M
 Heap Min Capacity: 8M
 Heap Initial Capacity: 128M
 Heap Max Capacity: 1536M
 Pre-touch: Disabled
 Parallel Workers: 4
 Concurrent Workers: 1
 Concurrent Refinement Workers: 4
 Periodic GC: Disabled
Heap:
 garbage-first heap   total 390144K, used 356770K [0x00000000a0000000, 0x0000000100000000)
  region size 1024K, 16 young (16384K), 2 survivors (2048K)
 Metaspace       used 127388K, committed 129408K, reserved 344064K
  class space    used 17725K, committed 18688K, reserved 212992K
GC Heap History (20 events):
Event: 90.106 GC heap before
{Heap before GC invocations=122 (full 0):
 garbage-first heap   total 390144K, used 337139K [0x00000000a0000000, 0x0000000100000000)
  region size 1024K, 36 young (36864K), 4 survivors (4096K)
 Metaspace       used 125098K, committed 126976K, reserved 344064K
  class space    used 17495K, committed 18368K, reserved 212992K
}
Event: 90.112 GC heap after
{Heap after GC invocations=123 (full 0):
 garbage-first heap   total 390144K, used 305159K [0x00000000a0000000, 0x0000000100000000)
  region size 1024K, 4 young (4096K), 4 survivors (4096K)
 Metaspace       used 125098K, committed 126976K, reserved 344064K
  class space    used 17495K, committed 18368K, reserved 212992K
}
Event: 90.551 GC heap before
{Heap before GC invocations=123 (full 0):
 garbage-first heap   total 390144K, used 336903K [0x00000000a0000000, 0x0000000100000000)
  region size 1024K, 36 young (36864K), 4 survivors (4096K)
 Metaspace       used 125099K, committed 126976K, reserved 344064K
  class space    used 17495K, committed 18368K, reserved 212992K
}
Event: 90.556 GC heap after
{Heap after GC invocations=124 (full 0):
 garbage-first heap   total 390144K, used 306283K [0x00000000a0000000, 0x0000000100000000)
  region size 1024K, 4 young (4096K), 4 survivors (4096K)
 Metaspace       used 125099K, committed 126976K, reserved 344064K
  class space    used 17495K, committed 18368K, reserved 212992K
}
Event: 92.547 GC heap before
{Heap before GC invocations=124 (full 0):
 garbage-first heap   total 390144K, used 339051K [0x00000000a0000000, 0x0000000100000000)
  region size 1024K, 35 young (35840K), 4 survivors (4096K)
 Metaspace       used 125922K, committed 127936K, reserved 344064K
  class space    used 17577K, committed 18496K, reserved 212992K
}
Event: 92.568 GC heap after
{Heap after GC invocations=125 (full 0):
 garbage-first heap   total 390144K, used 314801K [0x00000000a0000000, 0x0000000100000000)
  region size 1024K, 5 young (5120K), 5 survivors (5120K)
 Metaspace       used 125922K, committed 127936K, reserved 344064K
  class space    used 17577K, committed 18496K, reserved 212992K
}
Event: 93.371 GC heap before
{Heap before GC invocations=125 (full 0):
 garbage-first heap   total 390144K, used 337329K [0x00000000a0000000, 0x0000000100000000)
  region size 1024K, 27 young (27648K), 5 survivors (5120K)
 Metaspace       used 125942K, committed 127936K, reserved 344064K
  class space    used 17578K, committed 18496K, reserved 212992K
}
Event: 93.386 GC heap after
{Heap after GC invocations=126 (full 0):
 garbage-first heap   total 390144K, used 319826K [0x00000000a0000000, 0x0000000100000000)
  region size 1024K, 4 young (4096K), 4 survivors (4096K)
 Metaspace       used 125942K, committed 127936K, reserved 344064K
  class space    used 17578K, committed 18496K, reserved 212992K
}
Event: 94.053 GC heap before
{Heap before GC invocations=126 (full 0):
 garbage-first heap   total 390144K, used 339282K [0x00000000a0000000, 0x0000000100000000)
  region size 1024K, 23 young (23552K), 4 survivors (4096K)
 Metaspace       used 126146K, committed 128128K, reserved 344064K
  class space    used 17592K, committed 18496K, reserved 212992K
}
Event: 94.068 GC heap after
{Heap after GC invocations=127 (full 0):
 garbage-first heap   total 390144K, used 324374K [0x00000000a0000000, 0x0000000100000000)
  region size 1024K, 3 young (3072K), 3 survivors (3072K)
 Metaspace       used 126146K, committed 128128K, reserved 344064K
  class space    used 17592K, committed 18496K, reserved 212992K
}
Event: 94.469 GC heap before
{Heap before GC invocations=127 (full 0):
 garbage-first heap   total 390144K, used 340758K [0x00000000a0000000, 0x0000000100000000)
  region size 1024K, 19 young (19456K), 3 survivors (3072K)
 Metaspace       used 126352K, committed 128384K, reserved 344064K
  class space    used 17604K, committed 18560K, reserved 212992K
}
Event: 94.488 GC heap after
{Heap after GC invocations=128 (full 0):
 garbage-first heap   total 390144K, used 331776K [0x00000000a0000000, 0x0000000100000000)
  region size 1024K, 3 young (3072K), 3 survivors (3072K)
 Metaspace       used 126352K, committed 128384K, reserved 344064K
  class space    used 17604K, committed 18560K, reserved 212992K
}
Event: 94.866 GC heap before
{Heap before GC invocations=128 (full 0):
 garbage-first heap   total 390144K, used 348160K [0x00000000a0000000, 0x0000000100000000)
  region size 1024K, 19 young (19456K), 3 survivors (3072K)
 Metaspace       used 126775K, committed 128704K, reserved 344064K
  class space    used 17661K, committed 18560K, reserved 212992K
}
Event: 94.884 GC heap after
{Heap after GC invocations=129 (full 0):
 garbage-first heap   total 390144K, used 336201K [0x00000000a0000000, 0x0000000100000000)
  region size 1024K, 3 young (3072K), 3 survivors (3072K)
 Metaspace       used 126775K, committed 128704K, reserved 344064K
  class space    used 17661K, committed 18560K, reserved 212992K
}
Event: 95.212 GC heap before
{Heap before GC invocations=129 (full 0):
 garbage-first heap   total 390144K, used 352585K [0x00000000a0000000, 0x0000000100000000)
  region size 1024K, 19 young (19456K), 3 survivors (3072K)
 Metaspace       used 127103K, committed 129088K, reserved 344064K
  class space    used 17709K, committed 18624K, reserved 212992K
}
Event: 95.227 GC heap after
{Heap after GC invocations=130 (full 0):
 garbage-first heap   total 390144K, used 339334K [0x00000000a0000000, 0x0000000100000000)
  region size 1024K, 3 young (3072K), 3 survivors (3072K)
 Metaspace       used 127103K, committed 129088K, reserved 344064K
  class space    used 17709K, committed 18624K, reserved 212992K
}
Event: 95.640 GC heap before
{Heap before GC invocations=130 (full 0):
 garbage-first heap   total 390144K, used 355718K [0x00000000a0000000, 0x0000000100000000)
  region size 1024K, 19 young (19456K), 3 survivors (3072K)
 Metaspace       used 127262K, committed 129344K, reserved 344064K
  class space    used 17718K, committed 18688K, reserved 212992K
}
Event: 95.652 GC heap after
{Heap after GC invocations=131 (full 0):
 garbage-first heap   total 390144K, used 341627K [0x00000000a0000000, 0x0000000100000000)
  region size 1024K, 3 young (3072K), 3 survivors (3072K)
 Metaspace       used 127262K, committed 129344K, reserved 344064K
  class space    used 17718K, committed 18688K, reserved 212992K
}
Event: 96.161 GC heap before
{Heap before GC invocations=131 (full 0):
 garbage-first heap   total 390144K, used 358011K [0x00000000a0000000, 0x0000000100000000)
  region size 1024K, 19 young (19456K), 3 survivors (3072K)
 Metaspace       used 127311K, committed 129344K, reserved 344064K
  class space    used 17724K, committed 18688K, reserved 212992K
}
Event: 96.170 GC heap after
{Heap after GC invocations=132 (full 0):
 garbage-first heap   total 390144K, used 343458K [0x00000000a0000000, 0x0000000100000000)
  region size 1024K, 2 young (2048K), 2 survivors (2048K)
 Metaspace       used 127311K, committed 129344K, reserved 344064K
  class space    used 17724K, committed 18688K, reserved 212992K
}

