# JRE version: OpenJDK Runtime Environment Microsoft-8902769 (17.0.10+7) (build 17.0.10+7-LTS)
# Java VM: OpenJDK 64-Bit Server VM Microsoft-8902769 (17.0.10+7-LTS, mixed mode, sharing, tiered, compressed oops, compressed class ptrs, g1 gc, windows-amd64)
GC Precious Log:
 CPUs: 4 total, 4 available
 Memory: 8095M
 Large Page Support: Disabled
 NUMA Support: Disabled
 Compressed Oops: Enabled (32-bit)
 Heap Region Size: 1M
 Heap Min Capacity: 8M
 Heap Initial Capacity: 128M
 Heap Max Capacity: 1536M
 Pre-touch: Disabled
 Parallel Workers: 4
 Concurrent Workers: 1
 Concurrent Refinement Workers: 4
 Periodic GC: Disabled
Heap:
 garbage-first heap   total 86016K, used 24000K [0x00000000a0000000, 0x0000000100000000)
  region size 1024K, 9 young (9216K), 8 survivors (8192K)
 Metaspace       used 21140K, committed 21568K, reserved 278528K
  class space    used 3071K, committed 3264K, reserved 212992K
GC Heap History (10 events):
Event: 1.605 GC heap before
{Heap before GC invocations=0 (full 0):
 garbage-first heap   total 131072K, used 13312K [0x00000000a0000000, 0x0000000100000000)
  region size 1024K, 13 young (13312K), 0 survivors (0K)
 Metaspace       used 774K, committed 896K, reserved 278528K
  class space    used 61K, committed 128K, reserved 212992K
}
Event: 1.620 GC heap after
{Heap after GC invocations=1 (full 0):
 garbage-first heap   total 131072K, used 1237K [0x00000000a0000000, 0x0000000100000000)
  region size 1024K, 2 young (2048K), 2 survivors (2048K)
 Metaspace       used 774K, committed 896K, reserved 278528K
  class space    used 61K, committed 128K, reserved 212992K
}
Event: 2.465 GC heap before
{Heap before GC invocations=1 (full 0):
 garbage-first heap   total 131072K, used 22741K [0x00000000a0000000, 0x0000000100000000)
  region size 1024K, 21 young (21504K), 2 survivors (2048K)
 Metaspace       used 1898K, committed 2112K, reserved 278528K
  class space    used 186K, committed 320K, reserved 212992K
}
Event: 2.475 GC heap after
{Heap after GC invocations=2 (full 0):
 garbage-first heap   total 131072K, used 10097K [0x00000000a0000000, 0x0000000100000000)
  region size 1024K, 3 young (3072K), 3 survivors (3072K)
 Metaspace       used 1898K, committed 2112K, reserved 278528K
  class space    used 186K, committed 320K, reserved 212992K
}
Event: 5.400 GC heap before
{Heap before GC invocations=2 (full 0):
 garbage-first heap   total 131072K, used 86897K [0x00000000a0000000, 0x0000000100000000)
  region size 1024K, 76 young (77824K), 3 survivors (3072K)
 Metaspace       used 4789K, committed 4928K, reserved 278528K
  class space    used 608K, committed 704K, reserved 212992K
}
Event: 5.410 GC heap after
{Heap after GC invocations=3 (full 0):
 garbage-first heap   total 131072K, used 16612K [0x00000000a0000000, 0x0000000100000000)
  region size 1024K, 9 young (9216K), 9 survivors (9216K)
 Metaspace       used 4789K, committed 4928K, reserved 278528K
  class space    used 608K, committed 704K, reserved 212992K
}
Event: 9.543 GC heap before
{Heap before GC invocations=3 (full 0):
 garbage-first heap   total 131072K, used 85220K [0x00000000a0000000, 0x0000000100000000)
  region size 1024K, 76 young (77824K), 9 survivors (9216K)
 Metaspace       used 16760K, committed 17024K, reserved 278528K
  class space    used 2354K, committed 2496K, reserved 212992K
}
Event: 9.562 GC heap after
{Heap after GC invocations=4 (full 0):
 garbage-first heap   total 131072K, used 21690K [0x00000000a0000000, 0x0000000100000000)
  region size 1024K, 6 young (6144K), 6 survivors (6144K)
 Metaspace       used 16760K, committed 17024K, reserved 278528K
  class space    used 2354K, committed 2496K, reserved 212992K
}
Event: 12.128 GC heap before
{Heap before GC invocations=4 (full 0):
 garbage-first heap   total 131072K, used 60602K [0x00000000a0000000, 0x0000000100000000)
  region size 1024K, 45 young (46080K), 6 survivors (6144K)
 Metaspace       used 21135K, committed 21504K, reserved 278528K
  class space    used 3071K, committed 3264K, reserved 212992K
}
Event: 12.137 GC heap after
{Heap after GC invocations=5 (full 0):
 garbage-first heap   total 131072K, used 24000K [0x00000000a0000000, 0x0000000100000000)
  region size 1024K, 8 young (8192K), 8 survivors (8192K)
 Metaspace       used 21135K, committed 21504K, reserved 278528K
  class space    used 3071K, committed 3264K, reserved 212992K
}

