# JRE version: OpenJDK Runtime Environment Microsoft-8902769 (17.0.10+7) (build 17.0.10+7-LTS)
# Java VM: OpenJDK 64-Bit Server VM Microsoft-8902769 (17.0.10+7-LTS, mixed mode, sharing, tiered, compressed oops, compressed class ptrs, g1 gc, windows-amd64)
GC Precious Log:
 CPUs: 4 total, 4 available
 Memory: 8095M
 Large Page Support: Disabled
 NUMA Support: Disabled
 Compressed Oops: Enabled (32-bit)
 Heap Region Size: 1M
 Heap Min Capacity: 8M
 Heap Initial Capacity: 128M
 Heap Max Capacity: 1536M
 Pre-touch: Disabled
 Parallel Workers: 4
 Concurrent Workers: 1
 Concurrent Refinement Workers: 4
 Periodic GC: Disabled
Heap:
 garbage-first heap   total 368640K, used 345964K [0x00000000a0000000, 0x0000000100000000)
  region size 1024K, 18 young (18432K), 3 survivors (3072K)
 Metaspace       used 122864K, committed 124800K, reserved 344064K
  class space    used 17086K, committed 17920K, reserved 212992K
GC Heap History (20 events):
Event: 97.069 GC heap before
{Heap before GC invocations=120 (full 0):
 garbage-first heap   total 368640K, used 322965K [0x00000000a0000000, 0x0000000100000000)
  region size 1024K, 18 young (18432K), 3 survivors (3072K)
 Metaspace       used 120516K, committed 122240K, reserved 344064K
  class space    used 16788K, committed 17536K, reserved 212992K
}
Event: 97.074 GC heap after
{Heap after GC invocations=121 (full 0):
 garbage-first heap   total 368640K, used 308119K [0x00000000a0000000, 0x0000000100000000)
  region size 1024K, 3 young (3072K), 3 survivors (3072K)
 Metaspace       used 120516K, committed 122240K, reserved 344064K
  class space    used 16788K, committed 17536K, reserved 212992K
}
Event: 97.308 GC heap before
{Heap before GC invocations=121 (full 0):
 garbage-first heap   total 368640K, used 322455K [0x00000000a0000000, 0x0000000100000000)
  region size 1024K, 18 young (18432K), 3 survivors (3072K)
 Metaspace       used 120516K, committed 122240K, reserved 344064K
  class space    used 16788K, committed 17536K, reserved 212992K
}
Event: 97.313 GC heap after
{Heap after GC invocations=122 (full 0):
 garbage-first heap   total 368640K, used 308615K [0x00000000a0000000, 0x0000000100000000)
  region size 1024K, 3 young (3072K), 3 survivors (3072K)
 Metaspace       used 120516K, committed 122240K, reserved 344064K
  class space    used 16788K, committed 17536K, reserved 212992K
}
Event: 97.801 GC heap before
{Heap before GC invocations=122 (full 0):
 garbage-first heap   total 368640K, used 322951K [0x00000000a0000000, 0x0000000100000000)
  region size 1024K, 18 young (18432K), 3 survivors (3072K)
 Metaspace       used 120516K, committed 122240K, reserved 344064K
  class space    used 16788K, committed 17536K, reserved 212992K
}
Event: 97.805 GC heap after
{Heap after GC invocations=123 (full 0):
 garbage-first heap   total 368640K, used 309446K [0x00000000a0000000, 0x0000000100000000)
  region size 1024K, 3 young (3072K), 3 survivors (3072K)
 Metaspace       used 120516K, committed 122240K, reserved 344064K
  class space    used 16788K, committed 17536K, reserved 212992K
}
Event: 98.285 GC heap before
{Heap before GC invocations=123 (full 0):
 garbage-first heap   total 368640K, used 323782K [0x00000000a0000000, 0x0000000100000000)
  region size 1024K, 18 young (18432K), 3 survivors (3072K)
 Metaspace       used 120534K, committed 122240K, reserved 344064K
  class space    used 16790K, committed 17536K, reserved 212992K
}
Event: 98.292 GC heap after
{Heap after GC invocations=124 (full 0):
 garbage-first heap   total 368640K, used 310420K [0x00000000a0000000, 0x0000000100000000)
  region size 1024K, 3 young (3072K), 3 survivors (3072K)
 Metaspace       used 120534K, committed 122240K, reserved 344064K
  class space    used 16790K, committed 17536K, reserved 212992K
}
Event: 98.739 GC heap before
{Heap before GC invocations=124 (full 0):
 garbage-first heap   total 368640K, used 324756K [0x00000000a0000000, 0x0000000100000000)
  region size 1024K, 18 young (18432K), 3 survivors (3072K)
 Metaspace       used 120995K, committed 122816K, reserved 344064K
  class space    used 16878K, committed 17664K, reserved 212992K
}
Event: 98.746 GC heap after
{Heap after GC invocations=125 (full 0):
 garbage-first heap   total 368640K, used 313112K [0x00000000a0000000, 0x0000000100000000)
  region size 1024K, 3 young (3072K), 3 survivors (3072K)
 Metaspace       used 120995K, committed 122816K, reserved 344064K
  class space    used 16878K, committed 17664K, reserved 212992K
}
Event: 99.295 GC heap before
{Heap before GC invocations=125 (full 0):
 garbage-first heap   total 368640K, used 327448K [0x00000000a0000000, 0x0000000100000000)
  region size 1024K, 18 young (18432K), 3 survivors (3072K)
 Metaspace       used 121462K, committed 123328K, reserved 344064K
  class space    used 16939K, committed 17728K, reserved 212992K
}
Event: 99.312 GC heap after
{Heap after GC invocations=126 (full 0):
 garbage-first heap   total 368640K, used 316024K [0x00000000a0000000, 0x0000000100000000)
  region size 1024K, 3 young (3072K), 3 survivors (3072K)
 Metaspace       used 121462K, committed 123328K, reserved 344064K
  class space    used 16939K, committed 17728K, reserved 212992K
}
Event: 100.137 GC heap before
{Heap before GC invocations=126 (full 0):
 garbage-first heap   total 368640K, used 331384K [0x00000000a0000000, 0x0000000100000000)
  region size 1024K, 18 young (18432K), 3 survivors (3072K)
 Metaspace       used 122262K, committed 124160K, reserved 344064K
  class space    used 17022K, committed 17856K, reserved 212992K
}
Event: 100.149 GC heap after
{Heap after GC invocations=127 (full 0):
 garbage-first heap   total 368640K, used 318490K [0x00000000a0000000, 0x0000000100000000)
  region size 1024K, 3 young (3072K), 3 survivors (3072K)
 Metaspace       used 122262K, committed 124160K, reserved 344064K
  class space    used 17022K, committed 17856K, reserved 212992K
}
Event: 100.777 GC heap before
{Heap before GC invocations=127 (full 0):
 garbage-first heap   total 368640K, used 333850K [0x00000000a0000000, 0x0000000100000000)
  region size 1024K, 18 young (18432K), 3 survivors (3072K)
 Metaspace       used 122278K, committed 124160K, reserved 344064K
  class space    used 17023K, committed 17856K, reserved 212992K
}
Event: 100.787 GC heap after
{Heap after GC invocations=128 (full 0):
 garbage-first heap   total 368640K, used 321529K [0x00000000a0000000, 0x0000000100000000)
  region size 1024K, 3 young (3072K), 3 survivors (3072K)
 Metaspace       used 122278K, committed 124160K, reserved 344064K
  class space    used 17023K, committed 17856K, reserved 212992K
}
Event: 101.186 GC heap before
{Heap before GC invocations=128 (full 0):
 garbage-first heap   total 368640K, used 336889K [0x00000000a0000000, 0x0000000100000000)
  region size 1024K, 18 young (18432K), 3 survivors (3072K)
 Metaspace       used 122405K, committed 124288K, reserved 344064K
  class space    used 17035K, committed 17856K, reserved 212992K
}
Event: 101.197 GC heap after
{Heap after GC invocations=129 (full 0):
 garbage-first heap   total 368640K, used 324842K [0x00000000a0000000, 0x0000000100000000)
  region size 1024K, 3 young (3072K), 3 survivors (3072K)
 Metaspace       used 122405K, committed 124288K, reserved 344064K
  class space    used 17035K, committed 17856K, reserved 212992K
}
Event: 101.848 GC heap before
{Heap before GC invocations=129 (full 0):
 garbage-first heap   total 368640K, used 340202K [0x00000000a0000000, 0x0000000100000000)
  region size 1024K, 18 young (18432K), 3 survivors (3072K)
 Metaspace       used 122606K, committed 124480K, reserved 344064K
  class space    used 17050K, committed 17856K, reserved 212992K
}
Event: 101.874 GC heap after
{Heap after GC invocations=130 (full 0):
 garbage-first heap   total 368640K, used 331628K [0x00000000a0000000, 0x0000000100000000)
  region size 1024K, 3 young (3072K), 3 survivors (3072K)
 Metaspace       used 122606K, committed 124480K, reserved 344064K
  class space    used 17050K, committed 17856K, reserved 212992K
}

